TN:
SF:src/app/layout.tsx
FN:42,RootLayout
FNF:1
FNH:0
FNDA:0,RootLayout
DA:2,0
DA:3,0
DA:4,0
DA:5,0
DA:6,0
DA:7,0
DA:9,0
DA:14,0
DA:34,0
DA:42,0
LF:10
LH:0
BRF:0
BRH:0
end_of_record
TN:
SF:src/app/page.tsx
FN:12,LandingPage
FN:16,(anonymous_3)
FN:153,(anonymous_4)
FN:203,(anonymous_5)
FNF:4
FNH:0
FNDA:0,LandingPage
FNDA:0,(anonymous_3)
FNDA:0,(anonymous_4)
FNDA:0,(anonymous_5)
DA:3,0
DA:4,0
DA:5,0
DA:6,0
DA:7,0
DA:8,0
DA:9,0
DA:10,0
DA:12,0
DA:13,0
DA:14,0
DA:16,0
DA:18,0
DA:19,0
DA:23,0
DA:154,0
DA:155,0
DA:157,0
DA:204,0
LF:19
LH:0
BRDA:18,0,0,0
BRDA:154,1,0,0
BRDA:154,1,1,0
BRDA:155,2,0,0
BRDA:155,2,1,0
BRDA:159,3,0,0
BRDA:159,3,1,0
BRF:7
BRH:0
end_of_record
TN:
SF:src/app/(auth)/login/page.tsx
FN:10,useSearchParamsSafe
FN:36,(anonymous_5)
FN:45,AccessPage
FN:56,(anonymous_7)
FN:76,(anonymous_8)
FN:87,(anonymous_9)
FN:115,(anonymous_10)
FN:153,(anonymous_11)
FNF:8
FNH:4
FNDA:5,useSearchParamsSafe
FNDA:0,(anonymous_5)
FNDA:5,AccessPage
FNDA:2,(anonymous_7)
FNDA:2,(anonymous_8)
FNDA:0,(anonymous_9)
FNDA:0,(anonymous_10)
FNDA:0,(anonymous_11)
DA:4,1
DA:6,1
DA:7,1
DA:11,5
DA:12,5
DA:14,0
DA:17,1
DA:18,1
DA:19,1
DA:20,1
DA:21,1
DA:23,1
DA:24,1
DA:25,1
DA:26,1
DA:27,1
DA:31,1
DA:33,1
DA:37,0
DA:39,0
DA:45,2
DA:46,5
DA:47,5
DA:50,5
DA:51,5
DA:52,5
DA:53,5
DA:56,5
DA:57,2
DA:58,0
DA:59,0
DA:71,5
DA:76,5
DA:77,2
DA:78,0
DA:79,0
DA:80,0
DA:81,0
DA:87,5
DA:88,0
DA:89,0
DA:90,0
DA:93,0
DA:96,0
DA:97,0
DA:98,0
DA:100,0
DA:103,0
DA:105,0
DA:106,0
DA:115,5
DA:116,0
DA:117,0
DA:154,0
DA:155,0
LF:55
LH:31
BRDA:39,0,0,0
BRDA:39,0,1,0
BRDA:57,1,0,0
BRDA:77,2,0,0
BRDA:79,3,0,0
BRDA:97,4,0,0
BRDA:97,4,1,0
BRDA:105,5,0,0
BRDA:134,6,0,5
BRDA:137,7,0,3
BRDA:137,7,1,0
BRDA:158,8,0,0
BRDA:158,8,1,5
BRDA:164,9,0,5
BRDA:177,10,0,0
BRDA:177,10,1,5
BRF:16
BRH:5
end_of_record
TN:
SF:src/app/(auth)/register/page.tsx
FN:13,RegisterPage
FN:22,(anonymous_3)
FN:31,(anonymous_4)
FN:50,(anonymous_5)
FN:54,(anonymous_6)
FN:60,(anonymous_7)
FN:78,(anonymous_8)
FN:93,(anonymous_9)
FN:99,(anonymous_10)
FNF:9
FNH:0
FNDA:0,RegisterPage
FNDA:0,(anonymous_3)
FNDA:0,(anonymous_4)
FNDA:0,(anonymous_5)
FNDA:0,(anonymous_6)
FNDA:0,(anonymous_7)
FNDA:0,(anonymous_8)
FNDA:0,(anonymous_9)
FNDA:0,(anonymous_10)
DA:3,0
DA:4,0
DA:5,0
DA:6,0
DA:8,0
DA:9,0
DA:10,0
DA:11,0
DA:13,0
DA:14,0
DA:15,0
DA:16,0
DA:17,0
DA:18,0
DA:19,0
DA:22,0
DA:24,0
DA:25,0
DA:26,0
DA:27,0
DA:28,0
DA:31,0
DA:32,0
DA:33,0
DA:34,0
DA:35,0
DA:36,0
DA:37,0
DA:38,0
DA:40,0
DA:41,0
DA:43,0
DA:47,0
DA:50,0
DA:51,0
DA:52,0
DA:53,0
DA:54,0
DA:60,0
DA:61,0
DA:62,0
DA:63,0
DA:64,0
DA:65,0
DA:66,0
DA:67,0
DA:68,0
DA:69,0
DA:71,0
DA:72,0
DA:74,0
DA:78,0
DA:80,0
DA:81,0
DA:82,0
DA:83,0
DA:84,0
DA:88,0
DA:90,0
DA:93,0
DA:94,0
DA:98,0
DA:99,0
DA:100,0
DA:105,0
LF:65
LH:0
BRDA:25,0,0,0
BRDA:81,1,0,0
BRDA:81,1,1,0
BRDA:82,2,0,0
BRDA:124,3,0,0
BRDA:126,4,0,0
BRDA:140,5,0,0
BRDA:140,5,1,0
BRDA:140,6,0,0
BRDA:140,6,1,0
BRDA:145,7,0,0
BRDA:145,7,1,0
BRDA:145,8,0,0
BRDA:145,8,1,0
BRDA:147,9,0,0
BRDA:154,10,0,0
BRDA:154,10,1,0
BRDA:157,11,0,0
BRDA:164,12,0,0
BRDA:227,13,0,0
BRDA:227,13,1,0
BRDA:228,14,0,0
BRDA:228,14,1,0
BRDA:234,15,0,0
BRDA:234,15,1,0
BRDA:234,15,2,0
BRDA:236,16,0,0
BRDA:236,16,1,0
BRDA:236,17,0,0
BRDA:236,17,1,0
BRDA:236,18,0,0
BRDA:236,18,1,0
BRF:32
BRH:0
end_of_record
TN:
SF:src/app/(dashboard)/layout.tsx
FN:11,DashboardLayout
FN:21,(anonymous_2)
FNF:2
FNH:2
FNDA:5,DashboardLayout
FNDA:2,(anonymous_2)
DA:3,1
DA:4,1
DA:5,1
DA:6,1
DA:7,1
DA:8,1
DA:9,1
DA:11,2
DA:16,5
DA:17,5
DA:18,5
DA:19,5
DA:21,5
DA:22,2
DA:25,2
DA:26,2
DA:27,2
DA:28,2
DA:31,2
DA:32,0
DA:33,0
DA:34,0
DA:40,2
DA:43,0
DA:45,0
DA:51,5
LF:26
LH:21
BRDA:25,0,0,2
BRDA:25,1,0,2
BRDA:25,1,1,2
BRDA:31,2,0,0
BRDA:31,3,0,2
BRDA:31,3,1,2
BRDA:51,4,0,0
BRF:7
BRH:5
end_of_record
TN:
SF:src/app/(dashboard)/analysis-frameworks/page.tsx
FN:195,FrameworksPage
FN:199,(anonymous_3)
FN:200,(anonymous_4)
FN:203,(anonymous_5)
FN:240,(anonymous_6)
FN:240,(anonymous_7)
FN:287,(anonymous_8)
FN:287,(anonymous_9)
FNF:8
FNH:0
FNDA:0,FrameworksPage
FNDA:0,(anonymous_3)
FNDA:0,(anonymous_4)
FNDA:0,(anonymous_5)
FNDA:0,(anonymous_6)
FNDA:0,(anonymous_7)
FNDA:0,(anonymous_8)
FNDA:0,(anonymous_9)
DA:3,0
DA:4,0
DA:17,0
DA:18,0
DA:19,0
DA:20,0
DA:22,0
DA:193,0
DA:195,0
DA:196,0
DA:199,0
DA:200,0
DA:201,0
DA:203,0
DA:206,0
DA:240,0
DA:241,0
DA:287,0
DA:288,0
LF:19
LH:0
BRDA:206,0,0,0
BRDA:261,1,0,0
BRDA:261,1,1,0
BRDA:262,2,0,0
BRDA:262,2,1,0
BRDA:307,3,0,0
BRDA:307,3,1,0
BRDA:308,4,0,0
BRDA:308,4,1,0
BRF:9
BRH:0
end_of_record
TN:
SF:src/app/(dashboard)/analysis-frameworks/ach-dashboard/page.tsx
FN:38,ACHListPage
FN:44,(anonymous_3)
FN:48,(anonymous_4)
FN:66,(anonymous_5)
FN:71,(anonymous_6)
FN:80,(anonymous_7)
FN:87,(anonymous_8)
FN:97,(anonymous_9)
FN:105,(anonymous_10)
FN:135,(anonymous_11)
FN:162,(anonymous_12)
FN:215,(anonymous_13)
FN:249,(anonymous_14)
FNF:13
FNH:0
FNDA:0,ACHListPage
FNDA:0,(anonymous_3)
FNDA:0,(anonymous_4)
FNDA:0,(anonymous_5)
FNDA:0,(anonymous_6)
FNDA:0,(anonymous_7)
FNDA:0,(anonymous_8)
FNDA:0,(anonymous_9)
FNDA:0,(anonymous_10)
FNDA:0,(anonymous_11)
FNDA:0,(anonymous_12)
FNDA:0,(anonymous_13)
FNDA:0,(anonymous_14)
DA:3,0
DA:4,0
DA:5,0
DA:7,0
DA:8,0
DA:9,0
DA:15,0
DA:16,0
DA:17,0
DA:38,0
DA:39,0
DA:40,0
DA:41,0
DA:42,0
DA:44,0
DA:45,0
DA:48,0
DA:49,0
DA:50,0
DA:51,0
DA:54,0
DA:56,0
DA:62,0
DA:66,0
DA:67,0
DA:71,0
DA:72,0
DA:73,0
DA:74,0
DA:75,0
DA:76,0
DA:80,0
DA:81,0
DA:82,0
DA:83,0
DA:84,0
DA:87,0
DA:88,0
DA:89,0
DA:90,0
DA:91,0
DA:92,0
DA:93,0
DA:97,0
DA:98,0
DA:99,0
DA:101,0
DA:105,0
DA:106,0
DA:107,0
DA:108,0
DA:112,0
DA:114,0
DA:122,0
DA:135,0
DA:136,0
DA:162,0
DA:163,0
DA:215,0
DA:249,0
LF:60
LH:0
BRDA:58,0,0,0
BRDA:58,0,1,0
BRDA:67,1,0,0
BRDA:67,1,1,0
BRDA:67,1,2,0
BRDA:72,2,0,0
BRDA:72,2,1,0
BRDA:72,2,2,0
BRDA:72,2,3,0
BRDA:81,3,0,0
BRDA:81,4,0,0
BRDA:81,4,1,0
BRDA:82,5,0,0
BRDA:83,6,0,0
BRDA:88,7,0,0
BRDA:88,7,1,0
BRDA:88,7,2,0
BRDA:88,7,3,0
BRDA:88,7,4,0
BRDA:116,8,0,0
BRDA:116,8,1,0
BRDA:122,9,0,0
BRDA:136,10,0,0
BRDA:141,11,0,0
BRDA:141,11,1,0
BRDA:144,12,0,0
BRDA:144,12,1,0
BRDA:149,13,0,0
BRDA:177,14,0,0
BRDA:177,14,1,0
BRDA:182,15,0,0
BRDA:182,15,1,0
BRDA:186,16,0,0
BRDA:186,16,1,0
BRF:34
BRH:0
end_of_record
TN:
SF:src/app/(dashboard)/analysis-frameworks/ach-dashboard/[id]/page.tsx
FN:89,ACHViewPage
FN:99,(anonymous_2)
FN:100,(anonymous_3)
FN:122,(anonymous_4)
FN:127,(anonymous_5)
FN:158,(anonymous_6)
FN:181,(anonymous_7)
FN:203,(anonymous_8)
FN:218,(anonymous_9)
FN:233,(anonymous_10)
FN:234,(anonymous_11)
FN:238,(anonymous_12)
FN:239,(anonymous_13)
FN:240,(anonymous_14)
FN:241,(anonymous_15)
FN:252,(anonymous_16)
FN:259,(anonymous_17)
FN:262,(anonymous_18)
FN:283,(anonymous_19)
FN:289,(anonymous_20)
FN:290,(anonymous_21)
FN:299,(anonymous_22)
FN:302,(anonymous_23)
FN:307,(anonymous_24)
FN:339,(anonymous_25)
FN:341,(anonymous_26)
FN:348,(anonymous_27)
FN:353,(anonymous_28)
FN:358,(anonymous_29)
FN:365,(anonymous_30)
FN:377,(anonymous_31)
FN:466,(anonymous_32)
FN:470,(anonymous_33)
FN:474,(anonymous_34)
FN:478,(anonymous_35)
FN:534,(anonymous_36)
FN:548,(anonymous_37)
FN:561,(anonymous_38)
FN:597,(anonymous_39)
FN:598,(anonymous_40)
FN:605,(anonymous_41)
FN:606,(anonymous_42)
FN:634,(anonymous_43)
FN:696,(anonymous_44)
FN:697,(anonymous_45)
FN:780,(anonymous_46)
FN:795,(anonymous_47)
FN:798,(anonymous_48)
FN:877,(anonymous_49)
FN:886,(anonymous_50)
FNF:50
FNH:0
FNDA:0,ACHViewPage
FNDA:0,(anonymous_2)
FNDA:0,(anonymous_3)
FNDA:0,(anonymous_4)
FNDA:0,(anonymous_5)
FNDA:0,(anonymous_6)
FNDA:0,(anonymous_7)
FNDA:0,(anonymous_8)
FNDA:0,(anonymous_9)
FNDA:0,(anonymous_10)
FNDA:0,(anonymous_11)
FNDA:0,(anonymous_12)
FNDA:0,(anonymous_13)
FNDA:0,(anonymous_14)
FNDA:0,(anonymous_15)
FNDA:0,(anonymous_16)
FNDA:0,(anonymous_17)
FNDA:0,(anonymous_18)
FNDA:0,(anonymous_19)
FNDA:0,(anonymous_20)
FNDA:0,(anonymous_21)
FNDA:0,(anonymous_22)
FNDA:0,(anonymous_23)
FNDA:0,(anonymous_24)
FNDA:0,(anonymous_25)
FNDA:0,(anonymous_26)
FNDA:0,(anonymous_27)
FNDA:0,(anonymous_28)
FNDA:0,(anonymous_29)
FNDA:0,(anonymous_30)
FNDA:0,(anonymous_31)
FNDA:0,(anonymous_32)
FNDA:0,(anonymous_33)
FNDA:0,(anonymous_34)
FNDA:0,(anonymous_35)
FNDA:0,(anonymous_36)
FNDA:0,(anonymous_37)
FNDA:0,(anonymous_38)
FNDA:0,(anonymous_39)
FNDA:0,(anonymous_40)
FNDA:0,(anonymous_41)
FNDA:0,(anonymous_42)
FNDA:0,(anonymous_43)
FNDA:0,(anonymous_44)
FNDA:0,(anonymous_45)
FNDA:0,(anonymous_46)
FNDA:0,(anonymous_47)
FNDA:0,(anonymous_48)
FNDA:0,(anonymous_49)
FNDA:0,(anonymous_50)
DA:3,0
DA:4,0
DA:25,0
DA:26,0
DA:27,0
DA:28,0
DA:36,0
DA:37,0
DA:38,0
DA:39,0
DA:40,0
DA:41,0
DA:89,0
DA:90,0
DA:91,0
DA:92,0
DA:93,0
DA:94,0
DA:95,0
DA:96,0
DA:97,0
DA:99,0
DA:100,0
DA:101,0
DA:102,0
DA:103,0
DA:105,0
DA:106,0
DA:111,0
DA:113,0
DA:117,0
DA:118,0
DA:122,0
DA:124,0
DA:127,0
DA:128,0
DA:129,0
DA:131,0
DA:142,0
DA:144,0
DA:149,0
DA:150,0
DA:158,0
DA:159,0
DA:160,0
DA:161,0
DA:167,0
DA:172,0
DA:173,0
DA:181,0
DA:182,0
DA:188,0
DA:199,0
DA:200,0
DA:203,0
DA:204,0
DA:218,0
DA:219,0
DA:221,0
DA:223,0
DA:225,0
DA:227,0
DA:229,0
DA:233,0
DA:234,0
DA:235,0
DA:237,0
DA:238,0
DA:239,0
DA:240,0
DA:241,0
DA:246,0
DA:248,0
DA:252,0
DA:253,0
DA:255,0
DA:256,0
DA:259,0
DA:260,0
DA:261,0
DA:262,0
DA:263,0
DA:273,0
DA:275,0
DA:279,0
DA:283,0
DA:284,0
DA:285,0
DA:286,0
DA:289,0
DA:290,0
DA:291,0
DA:292,0
DA:299,0
DA:302,0
DA:303,0
DA:305,0
DA:307,0
DA:310,0
DA:311,0
DA:320,0
DA:321,0
DA:323,0
DA:328,0
DA:329,0
DA:335,0
DA:339,0
DA:341,0
DA:342,0
DA:343,0
DA:344,0
DA:348,0
DA:350,0
DA:353,0
DA:355,0
DA:357,0
DA:358,0
DA:359,0
DA:362,0
DA:365,0
DA:366,0
DA:368,0
DA:369,0
DA:370,0
DA:372,0
DA:373,0
DA:374,0
DA:377,0
DA:378,0
DA:379,0
DA:381,0
DA:382,0
DA:383,0
DA:386,0
DA:387,0
DA:390,0
DA:391,0
DA:394,0
DA:395,0
DA:397,0
DA:400,0
DA:466,0
DA:470,0
DA:474,0
DA:478,0
DA:535,0
DA:549,0
DA:562,0
DA:598,0
DA:606,0
DA:635,0
DA:636,0
DA:637,0
DA:638,0
DA:640,0
DA:697,0
DA:698,0
DA:699,0
DA:700,0
DA:702,0
DA:781,0
DA:782,0
DA:796,0
DA:797,0
DA:798,0
DA:799,0
DA:801,0
DA:878,0
DA:887,0
DA:888,0
LF:170
LH:0
BRDA:105,0,0,0
BRDA:105,0,1,0
BRDA:108,1,0,0
BRDA:108,1,1,0
BRDA:117,2,0,0
BRDA:128,3,0,0
BRDA:136,4,0,0
BRDA:136,4,1,0
BRDA:149,5,0,0
BRDA:149,5,1,0
BRDA:152,6,0,0
BRDA:152,6,1,0
BRDA:159,7,0,0
BRDA:172,8,0,0
BRDA:172,8,1,0
BRDA:175,9,0,0
BRDA:175,9,1,0
BRDA:188,10,0,0
BRDA:199,11,0,0
BRDA:219,12,0,0
BRDA:219,12,1,0
BRDA:219,12,2,0
BRDA:219,12,3,0
BRDA:219,12,4,0
BRDA:235,13,0,0
BRDA:253,14,0,0
BRDA:255,15,0,0
BRDA:255,15,1,0
BRDA:260,16,0,0
BRDA:285,17,0,0
BRDA:285,17,1,0
BRDA:328,18,0,0
BRDA:328,18,1,0
BRDA:331,19,0,0
BRDA:331,19,1,0
BRDA:355,20,0,0
BRDA:359,21,0,0
BRDA:359,21,1,0
BRDA:366,22,0,0
BRDA:369,23,0,0
BRDA:369,23,1,0
BRDA:372,24,0,0
BRDA:373,25,0,0
BRDA:381,26,0,0
BRDA:386,27,0,0
BRDA:390,28,0,0
BRDA:390,29,0,0
BRDA:390,29,1,0
BRDA:417,30,0,0
BRDA:439,31,0,0
BRDA:492,32,0,0
BRDA:492,32,1,0
BRDA:521,33,0,0
BRDA:521,33,1,0
BRDA:522,34,0,0
BRDA:522,34,1,0
BRDA:523,35,0,0
BRDA:523,35,1,0
BRDA:530,36,0,0
BRDA:613,37,0,0
BRDA:613,37,1,0
BRDA:613,38,0,0
BRDA:613,38,1,0
BRDA:637,39,0,0
BRDA:637,39,1,0
BRDA:637,39,2,0
BRDA:638,40,0,0
BRDA:638,40,1,0
BRDA:642,41,0,0
BRDA:642,41,1,0
BRDA:642,42,0,0
BRDA:642,42,1,0
BRDA:643,43,0,0
BRDA:643,43,1,0
BRDA:643,44,0,0
BRDA:643,44,1,0
BRDA:644,45,0,0
BRDA:644,45,1,0
BRDA:644,46,0,0
BRDA:644,46,1,0
BRDA:649,47,0,0
BRDA:649,47,1,0
BRDA:649,48,0,0
BRDA:649,48,1,0
BRDA:651,49,0,0
BRDA:651,49,1,0
BRDA:651,50,0,0
BRDA:651,50,1,0
BRDA:652,51,0,0
BRDA:652,51,1,0
BRDA:652,52,0,0
BRDA:652,52,1,0
BRDA:653,53,0,0
BRDA:653,53,1,0
BRDA:653,54,0,0
BRDA:653,54,1,0
BRDA:658,55,0,0
BRDA:667,56,0,0
BRDA:667,56,1,0
BRDA:668,57,0,0
BRDA:668,57,1,0
BRDA:670,58,0,0
BRDA:670,58,1,0
BRDA:704,59,0,0
BRDA:704,59,1,0
BRDA:704,60,0,0
BRDA:704,60,1,0
BRDA:705,61,0,0
BRDA:705,61,1,0
BRDA:705,62,0,0
BRDA:705,62,1,0
BRDA:706,63,0,0
BRDA:706,63,1,0
BRDA:706,64,0,0
BRDA:706,64,1,0
BRDA:711,65,0,0
BRDA:711,65,1,0
BRDA:711,66,0,0
BRDA:711,66,1,0
BRDA:714,67,0,0
BRDA:714,67,1,0
BRDA:715,68,0,0
BRDA:726,69,0,0
BRDA:726,69,1,0
BRDA:727,70,0,0
BRDA:727,70,1,0
BRDA:730,71,0,0
BRDA:730,71,1,0
BRDA:799,72,0,0
BRDA:799,72,1,0
BRDA:799,72,2,0
BRDA:799,72,3,0
BRDA:803,73,0,0
BRDA:803,73,1,0
BRDA:807,74,0,0
BRDA:807,74,1,0
BRDA:810,75,0,0
BRDA:816,76,0,0
BRDA:816,76,1,0
BRDA:817,77,0,0
BRDA:817,77,1,0
BRDA:821,78,0,0
BRDA:830,79,0,0
BRDA:876,80,0,0
BRDA:887,81,0,0
BRDA:887,81,1,0
BRF:146
BRH:0
end_of_record
TN:
SF:src/app/(dashboard)/analysis-frameworks/ach-dashboard/create/page.tsx
FN:10,useSearchParamsSafe
FN:107,CreateACHPage
FN:129,(anonymous_5)
FN:137,(anonymous_6)
FN:152,(anonymous_7)
FN:155,(anonymous_8)
FN:198,(anonymous_9)
FN:203,(anonymous_10)
FN:209,(anonymous_11)
FN:210,(anonymous_12)
FN:212,(anonymous_13)
FN:216,(anonymous_14)
FN:217,(anonymous_15)
FN:219,(anonymous_16)
FN:224,(anonymous_17)
FN:230,(anonymous_18)
FN:239,(anonymous_19)
FN:248,(anonymous_20)
FN:259,(anonymous_21)
FN:260,(anonymous_22)
FN:262,(anonymous_23)
FN:266,(anonymous_24)
FN:271,(anonymous_25)
FN:273,(anonymous_26)
FN:284,(anonymous_27)
FN:301,(anonymous_28)
FN:302,(anonymous_29)
FN:307,(anonymous_30)
FN:313,(anonymous_31)
FN:314,(anonymous_32)
FN:323,(anonymous_33)
FN:337,(anonymous_34)
FN:339,(anonymous_35)
FN:342,(anonymous_36)
FN:344,(anonymous_37)
FN:366,(anonymous_38)
FN:371,(anonymous_39)
FN:386,(anonymous_40)
FN:416,(anonymous_41)
FN:431,(anonymous_42)
FN:433,(anonymous_43)
FN:527,(anonymous_44)
FN:553,(anonymous_45)
FN:574,(anonymous_46)
FN:583,(anonymous_47)
FN:616,(anonymous_48)
FN:623,(anonymous_49)
FN:631,(anonymous_50)
FN:660,(anonymous_51)
FN:692,(anonymous_52)
FN:702,(anonymous_53)
FN:710,(anonymous_54)
FN:722,(anonymous_55)
FN:742,(anonymous_56)
FN:753,(anonymous_57)
FN:806,(anonymous_58)
FN:848,(anonymous_59)
FN:851,(anonymous_60)
FN:866,(anonymous_61)
FN:867,(anonymous_62)
FN:968,(anonymous_63)
FNF:61
FNH:0
FNDA:0,useSearchParamsSafe
FNDA:0,CreateACHPage
FNDA:0,(anonymous_5)
FNDA:0,(anonymous_6)
FNDA:0,(anonymous_7)
FNDA:0,(anonymous_8)
FNDA:0,(anonymous_9)
FNDA:0,(anonymous_10)
FNDA:0,(anonymous_11)
FNDA:0,(anonymous_12)
FNDA:0,(anonymous_13)
FNDA:0,(anonymous_14)
FNDA:0,(anonymous_15)
FNDA:0,(anonymous_16)
FNDA:0,(anonymous_17)
FNDA:0,(anonymous_18)
FNDA:0,(anonymous_19)
FNDA:0,(anonymous_20)
FNDA:0,(anonymous_21)
FNDA:0,(anonymous_22)
FNDA:0,(anonymous_23)
FNDA:0,(anonymous_24)
FNDA:0,(anonymous_25)
FNDA:0,(anonymous_26)
FNDA:0,(anonymous_27)
FNDA:0,(anonymous_28)
FNDA:0,(anonymous_29)
FNDA:0,(anonymous_30)
FNDA:0,(anonymous_31)
FNDA:0,(anonymous_32)
FNDA:0,(anonymous_33)
FNDA:0,(anonymous_34)
FNDA:0,(anonymous_35)
FNDA:0,(anonymous_36)
FNDA:0,(anonymous_37)
FNDA:0,(anonymous_38)
FNDA:0,(anonymous_39)
FNDA:0,(anonymous_40)
FNDA:0,(anonymous_41)
FNDA:0,(anonymous_42)
FNDA:0,(anonymous_43)
FNDA:0,(anonymous_44)
FNDA:0,(anonymous_45)
FNDA:0,(anonymous_46)
FNDA:0,(anonymous_47)
FNDA:0,(anonymous_48)
FNDA:0,(anonymous_49)
FNDA:0,(anonymous_50)
FNDA:0,(anonymous_51)
FNDA:0,(anonymous_52)
FNDA:0,(anonymous_53)
FNDA:0,(anonymous_54)
FNDA:0,(anonymous_55)
FNDA:0,(anonymous_56)
FNDA:0,(anonymous_57)
FNDA:0,(anonymous_58)
FNDA:0,(anonymous_59)
FNDA:0,(anonymous_60)
FNDA:0,(anonymous_61)
FNDA:0,(anonymous_62)
FNDA:0,(anonymous_63)
DA:4,0
DA:6,0
DA:7,0
DA:11,0
DA:12,0
DA:14,0
DA:32,0
DA:33,0
DA:34,0
DA:35,0
DA:36,0
DA:37,0
DA:39,0
DA:40,0
DA:41,0
DA:42,0
DA:43,0
DA:44,0
DA:45,0
DA:46,0
DA:56,0
DA:107,0
DA:108,0
DA:109,0
DA:110,0
DA:111,0
DA:112,0
DA:113,0
DA:114,0
DA:115,0
DA:116,0
DA:117,0
DA:118,0
DA:119,0
DA:121,0
DA:129,0
DA:130,0
DA:131,0
DA:132,0
DA:133,0
DA:134,0
DA:137,0
DA:138,0
DA:139,0
DA:142,0
DA:143,0
DA:146,0
DA:147,0
DA:148,0
DA:151,0
DA:152,0
DA:153,0
DA:154,0
DA:155,0
DA:157,0
DA:167,0
DA:169,0
DA:174,0
DA:182,0
DA:183,0
DA:188,0
DA:190,0
DA:194,0
DA:198,0
DA:199,0
DA:203,0
DA:209,0
DA:210,0
DA:212,0
DA:216,0
DA:217,0
DA:218,0
DA:219,0
DA:220,0
DA:222,0
DA:224,0
DA:230,0
DA:231,0
DA:238,0
DA:239,0
DA:240,0
DA:248,0
DA:249,0
DA:250,0
DA:251,0
DA:259,0
DA:260,0
DA:262,0
DA:266,0
DA:271,0
DA:273,0
DA:274,0
DA:280,0
DA:281,0
DA:282,0
DA:283,0
DA:284,0
DA:285,0
DA:290,0
DA:293,0
DA:301,0
DA:302,0
DA:303,0
DA:304,0
DA:305,0
DA:307,0
DA:313,0
DA:314,0
DA:315,0
DA:316,0
DA:317,0
DA:318,0
DA:319,0
DA:323,0
DA:324,0
DA:329,0
DA:330,0
DA:337,0
DA:339,0
DA:340,0
DA:342,0
DA:343,0
DA:344,0
DA:346,0
DA:347,0
DA:348,0
DA:350,0
DA:355,0
DA:358,0
DA:366,0
DA:367,0
DA:371,0
DA:372,0
DA:386,0
DA:387,0
DA:388,0
DA:393,0
DA:396,0
DA:397,0
DA:402,0
DA:405,0
DA:406,0
DA:408,0
DA:409,0
DA:416,0
DA:417,0
DA:418,0
DA:423,0
DA:426,0
DA:427,0
DA:429,0
DA:432,0
DA:433,0
DA:434,0
DA:435,0
DA:437,0
DA:438,0
DA:439,0
DA:440,0
DA:443,0
DA:452,0
DA:454,0
DA:464,0
DA:469,0
DA:472,0
DA:482,0
DA:487,0
DA:490,0
DA:491,0
DA:497,0
DA:501,0
DA:527,0
DA:553,0
DA:574,0
DA:583,0
DA:617,0
DA:623,0
DA:631,0
DA:660,0
DA:693,0
DA:702,0
DA:710,0
DA:722,0
DA:742,0
DA:754,0
DA:755,0
DA:806,0
DA:849,0
DA:850,0
DA:851,0
DA:852,0
DA:867,0
DA:868,0
DA:870,0
DA:969,0
LF:195
LH:0
BRDA:131,0,0,0
BRDA:142,1,0,0
BRDA:142,1,1,0
BRDA:143,2,0,0
BRDA:143,2,1,0
BRDA:146,3,0,0
BRDA:147,4,0,0
BRDA:147,4,1,0
BRDA:151,5,0,0
BRDA:153,6,0,0
BRDA:160,7,0,0
BRDA:160,7,1,0
BRDA:160,8,0,0
BRDA:160,8,1,0
BRDA:161,9,0,0
BRDA:161,9,1,0
BRDA:161,10,0,0
BRDA:161,10,1,0
BRDA:162,11,0,0
BRDA:162,11,1,0
BRDA:163,12,0,0
BRDA:163,12,1,0
BRDA:165,13,0,0
BRDA:165,13,1,0
BRDA:165,14,0,0
BRDA:165,14,1,0
BRDA:175,15,0,0
BRDA:175,15,1,0
BRDA:176,16,0,0
BRDA:176,16,1,0
BRDA:182,17,0,0
BRDA:182,17,1,0
BRDA:185,18,0,0
BRDA:185,18,1,0
BRDA:212,19,0,0
BRDA:212,19,1,0
BRDA:262,20,0,0
BRDA:262,20,1,0
BRDA:274,21,0,0
BRDA:274,21,1,0
BRDA:282,22,0,0
BRDA:317,23,0,0
BRDA:346,24,0,0
BRDA:346,24,1,0
BRDA:347,25,0,0
BRDA:347,25,1,0
BRDA:373,26,0,0
BRDA:373,26,1,0
BRDA:374,27,0,0
BRDA:374,27,1,0
BRDA:387,28,0,0
BRDA:396,29,0,0
BRDA:408,30,0,0
BRDA:417,31,0,0
BRDA:435,32,0,0
BRDA:437,33,0,0
BRDA:437,33,1,0
BRDA:438,34,0,0
BRDA:438,34,1,0
BRDA:439,35,0,0
BRDA:439,35,1,0
BRDA:452,36,0,0
BRDA:452,36,1,0
BRDA:452,37,0,0
BRDA:452,37,1,0
BRDA:490,38,0,0
BRDA:490,38,1,0
BRDA:493,39,0,0
BRDA:493,39,1,0
BRDA:501,40,0,0
BRDA:518,41,0,0
BRDA:518,41,1,0
BRDA:530,42,0,0
BRDA:530,42,1,0
BRDA:538,43,0,0
BRDA:538,43,1,0
BRDA:539,44,0,0
BRDA:539,44,1,0
BRDA:540,45,0,0
BRDA:540,45,1,0
BRDA:547,46,0,0
BRDA:639,47,0,0
BRDA:656,48,0,0
BRDA:664,49,0,0
BRDA:690,50,0,0
BRDA:723,51,0,0
BRDA:723,51,1,0
BRDA:728,52,0,0
BRDA:728,52,1,0
BRDA:729,53,0,0
BRDA:737,54,0,0
BRDA:749,55,0,0
BRDA:760,56,0,0
BRDA:760,56,1,0
BRDA:785,57,0,0
BRDA:790,58,0,0
BRDA:790,58,1,0
BRDA:801,59,0,0
BRDA:810,60,0,0
BRDA:826,61,0,0
BRDA:826,61,1,0
BRDA:850,62,0,0
BRDA:854,63,0,0
BRDA:854,63,1,0
BRDA:873,64,0,0
BRDA:873,64,1,0
BRDA:874,65,0,0
BRDA:874,65,1,0
BRDA:875,66,0,0
BRDA:875,66,1,0
BRDA:876,67,0,0
BRDA:876,67,1,0
BRDA:877,68,0,0
BRDA:877,68,1,0
BRDA:884,69,0,0
BRDA:884,69,1,0
BRDA:885,70,0,0
BRDA:885,70,1,0
BRDA:886,71,0,0
BRDA:886,71,1,0
BRDA:887,72,0,0
BRDA:887,72,1,0
BRDA:891,73,0,0
BRDA:892,74,0,0
BRDA:899,75,0,0
BRDA:899,75,1,0
BRDA:900,76,0,0
BRDA:900,76,1,0
BRDA:901,77,0,0
BRDA:901,77,1,0
BRDA:907,78,0,0
BRDA:907,78,1,0
BRDA:914,79,0,0
BRDA:914,79,1,0
BRDA:915,80,0,0
BRDA:915,80,1,0
BRDA:916,81,0,0
BRDA:916,81,1,0
BRDA:918,82,0,0
BRDA:918,82,1,0
BRDA:965,83,0,0
BRDA:965,83,1,0
BRDA:968,84,0,0
BRDA:968,84,1,0
BRDA:972,85,0,0
BRDA:972,85,1,0
BRDA:973,86,0,0
BRDA:973,86,1,0
BRDA:973,86,2,0
BRDA:974,87,0,0
BRDA:974,87,1,0
BRDA:974,87,2,0
BRDA:975,88,0,0
BRDA:975,88,1,0
BRDA:976,89,0,0
BRDA:976,89,1,0
BRDA:976,89,2,0
BRDA:977,90,0,0
BRDA:977,90,1,0
BRDA:977,90,2,0
BRDA:978,91,0,0
BRDA:978,91,1,0
BRDA:982,92,0,0
BRDA:982,92,1,0
BRDA:992,93,0,0
BRDA:992,93,1,0
BRF:166
BRH:0
end_of_record
TN:
SF:src/app/(dashboard)/analysis-frameworks/ach-dashboard/export-test/page.tsx
FN:7,ACHExportTestPage
FNF:1
FNH:0
FNDA:0,ACHExportTestPage
DA:3,0
DA:7,0
DA:9,0
LF:3
LH:0
BRF:0
BRH:0
end_of_record
TN:
SF:src/app/(dashboard)/analysis-frameworks/behavior/page.tsx
FN:51,BehaviorListPage
FN:57,(anonymous_3)
FN:58,(anonymous_4)
FN:77,(anonymous_5)
FN:80,(anonymous_6)
FN:94,(anonymous_7)
FN:100,(anonymous_8)
FN:109,(anonymous_9)
FN:118,(anonymous_10)
FN:120,(anonymous_11)
FN:126,(anonymous_12)
FN:128,(anonymous_13)
FN:134,(anonymous_14)
FN:135,(anonymous_15)
FN:160,(anonymous_16)
FN:199,(anonymous_17)
FN:255,(anonymous_18)
FN:283,(anonymous_19)
FNF:18
FNH:0
FNDA:0,BehaviorListPage
FNDA:0,(anonymous_3)
FNDA:0,(anonymous_4)
FNDA:0,(anonymous_5)
FNDA:0,(anonymous_6)
FNDA:0,(anonymous_7)
FNDA:0,(anonymous_8)
FNDA:0,(anonymous_9)
FNDA:0,(anonymous_10)
FNDA:0,(anonymous_11)
FNDA:0,(anonymous_12)
FNDA:0,(anonymous_13)
FNDA:0,(anonymous_14)
FNDA:0,(anonymous_15)
FNDA:0,(anonymous_16)
FNDA:0,(anonymous_17)
FNDA:0,(anonymous_18)
FNDA:0,(anonymous_19)
DA:3,0
DA:4,0
DA:16,0
DA:17,0
DA:18,0
DA:19,0
DA:20,0
DA:26,0
DA:27,0
DA:28,0
DA:29,0
DA:51,0
DA:52,0
DA:53,0
DA:54,0
DA:55,0
DA:57,0
DA:58,0
DA:59,0
DA:60,0
DA:61,0
DA:64,0
DA:66,0
DA:68,0
DA:70,0
DA:74,0
DA:77,0
DA:78,0
DA:79,0
DA:80,0
DA:81,0
DA:86,0
DA:94,0
DA:95,0
DA:100,0
DA:101,0
DA:102,0
DA:103,0
DA:104,0
DA:105,0
DA:109,0
DA:110,0
DA:111,0
DA:112,0
DA:113,0
DA:114,0
DA:118,0
DA:119,0
DA:120,0
DA:121,0
DA:123,0
DA:126,0
DA:127,0
DA:128,0
DA:129,0
DA:131,0
DA:134,0
DA:135,0
DA:160,0
DA:200,0
DA:201,0
DA:202,0
DA:204,0
DA:256,0
DA:257,0
DA:283,0
LF:66
LH:0
BRDA:88,0,0,0
BRDA:88,0,1,0
BRDA:95,1,0,0
BRDA:95,1,1,0
BRDA:95,1,2,0
BRDA:101,2,0,0
BRDA:101,2,1,0
BRDA:101,2,2,0
BRDA:101,2,3,0
BRDA:110,3,0,0
BRDA:110,3,1,0
BRDA:110,3,2,0
BRDA:110,3,3,0
BRDA:121,4,0,0
BRDA:121,4,1,0
BRDA:127,5,0,0
BRDA:170,6,0,0
BRDA:170,6,1,0
BRDA:175,7,0,0
BRDA:175,7,1,0
BRDA:180,8,0,0
BRDA:180,8,1,0
BRDA:183,9,0,0
BRDA:183,9,1,0
BRDA:188,10,0,0
BRDA:200,11,0,0
BRDA:200,11,1,0
BRDA:201,12,0,0
BRDA:201,12,1,0
BRDA:202,13,0,0
BRDA:202,13,1,0
BRDA:219,14,0,0
BRDA:222,15,0,0
BRDA:232,16,0,0
BRDA:232,16,1,0
BRDA:233,17,0,0
BRDA:233,17,1,0
BRDA:240,18,0,0
BRDA:240,18,1,0
BRDA:242,19,0,0
BRDA:253,20,0,0
BRF:41
BRH:0
end_of_record
TN:
SF:src/app/(dashboard)/analysis-frameworks/behavior/[id]/page.tsx
FN:61,BehaviorViewPage
FN:69,(anonymous_2)
FN:70,(anonymous_3)
FN:88,(anonymous_4)
FN:92,(anonymous_5)
FN:99,(anonymous_6)
FN:145,(anonymous_7)
FN:153,(anonymous_8)
FN:168,(anonymous_9)
FN:170,(anonymous_10)
FN:171,(anonymous_11)
FN:176,(anonymous_12)
FN:180,(anonymous_13)
FN:185,(anonymous_14)
FN:190,(anonymous_15)
FN:194,(anonymous_16)
FN:195,(anonymous_17)
FN:196,(anonymous_18)
FN:310,(anonymous_19)
FN:336,(anonymous_20)
FN:340,(anonymous_21)
FN:378,(anonymous_22)
FN:379,(anonymous_23)
FN:406,(anonymous_24)
FN:429,(anonymous_25)
FN:546,(anonymous_26)
FNF:26
FNH:0
FNDA:0,BehaviorViewPage
FNDA:0,(anonymous_2)
FNDA:0,(anonymous_3)
FNDA:0,(anonymous_4)
FNDA:0,(anonymous_5)
FNDA:0,(anonymous_6)
FNDA:0,(anonymous_7)
FNDA:0,(anonymous_8)
FNDA:0,(anonymous_9)
FNDA:0,(anonymous_10)
FNDA:0,(anonymous_11)
FNDA:0,(anonymous_12)
FNDA:0,(anonymous_13)
FNDA:0,(anonymous_14)
FNDA:0,(anonymous_15)
FNDA:0,(anonymous_16)
FNDA:0,(anonymous_17)
FNDA:0,(anonymous_18)
FNDA:0,(anonymous_19)
FNDA:0,(anonymous_20)
FNDA:0,(anonymous_21)
FNDA:0,(anonymous_22)
FNDA:0,(anonymous_23)
FNDA:0,(anonymous_24)
FNDA:0,(anonymous_25)
FNDA:0,(anonymous_26)
DA:3,0
DA:4,0
DA:20,0
DA:21,0
DA:22,0
DA:23,0
DA:24,0
DA:25,0
DA:26,0
DA:27,0
DA:28,0
DA:61,0
DA:62,0
DA:63,0
DA:64,0
DA:65,0
DA:66,0
DA:67,0
DA:69,0
DA:70,0
DA:71,0
DA:72,0
DA:73,0
DA:75,0
DA:77,0
DA:79,0
DA:83,0
DA:84,0
DA:88,0
DA:89,0
DA:92,0
DA:93,0
DA:99,0
DA:100,0
DA:106,0
DA:117,0
DA:118,0
DA:121,0
DA:145,0
DA:146,0
DA:153,0
DA:154,0
DA:155,0
DA:156,0
DA:157,0
DA:158,0
DA:162,0
DA:168,0
DA:169,0
DA:170,0
DA:171,0
DA:173,0
DA:176,0
DA:177,0
DA:178,0
DA:180,0
DA:181,0
DA:184,0
DA:185,0
DA:187,0
DA:190,0
DA:191,0
DA:192,0
DA:194,0
DA:195,0
DA:196,0
DA:198,0
DA:201,0
DA:202,0
DA:203,0
DA:311,0
DA:312,0
DA:313,0
DA:337,0
DA:338,0
DA:339,0
DA:340,0
DA:343,0
DA:378,0
DA:380,0
DA:407,0
DA:408,0
DA:410,0
DA:430,0
DA:546,0
LF:85
LH:0
BRDA:83,0,0,0
BRDA:106,1,0,0
BRDA:117,2,0,0
BRDA:154,3,0,0
BRDA:154,3,1,0
BRDA:154,3,2,0
BRDA:154,3,3,0
BRDA:178,4,0,0
BRDA:216,5,0,0
BRDA:248,6,0,0
BRDA:248,6,1,0
BRDA:254,7,0,0
BRDA:259,8,0,0
BRDA:317,9,0,0
BRDA:339,10,0,0
BRDA:339,10,1,0
BRDA:351,11,0,0
BRDA:354,12,0,0
BRDA:354,12,1,0
BRDA:354,13,0,0
BRDA:354,13,1,0
BRDA:367,14,0,0
BRDA:424,15,0,0
BRDA:469,16,0,0
BRDA:469,16,1,0
BRDA:470,17,0,0
BRDA:470,17,1,0
BRDA:478,18,0,0
BRDA:485,19,0,0
BRDA:492,20,0,0
BRDA:519,21,0,0
BRDA:527,22,0,0
BRDA:535,23,0,0
BRF:33
BRH:0
end_of_record
TN:
SF:src/app/(dashboard)/analysis-frameworks/behavior/create/page.tsx
FN:44,BehaviorCreatePage
FN:79,(anonymous_2)
FN:97,(anonymous_3)
FN:98,(anonymous_4)
FN:103,(anonymous_5)
FN:104,(anonymous_6)
FN:107,(anonymous_7)
FN:108,(anonymous_8)
FN:113,(anonymous_9)
FN:175,(anonymous_10)
FN:179,(anonymous_11)
FN:184,(anonymous_12)
FN:215,(anonymous_13)
FN:226,(anonymous_14)
FN:237,(anonymous_15)
FN:249,(anonymous_16)
FN:303,(anonymous_17)
FN:320,(anonymous_18)
FN:335,(anonymous_19)
FN:349,(anonymous_20)
FN:356,(anonymous_21)
FN:367,(anonymous_22)
FN:377,(anonymous_23)
FN:395,(anonymous_24)
FN:408,(anonymous_25)
FN:422,(anonymous_26)
FN:436,(anonymous_27)
FN:469,(anonymous_28)
FN:480,(anonymous_29)
FN:492,(anonymous_30)
FN:513,(anonymous_31)
FN:520,(anonymous_32)
FN:526,(anonymous_33)
FNF:33
FNH:0
FNDA:0,BehaviorCreatePage
FNDA:0,(anonymous_2)
FNDA:0,(anonymous_3)
FNDA:0,(anonymous_4)
FNDA:0,(anonymous_5)
FNDA:0,(anonymous_6)
FNDA:0,(anonymous_7)
FNDA:0,(anonymous_8)
FNDA:0,(anonymous_9)
FNDA:0,(anonymous_10)
FNDA:0,(anonymous_11)
FNDA:0,(anonymous_12)
FNDA:0,(anonymous_13)
FNDA:0,(anonymous_14)
FNDA:0,(anonymous_15)
FNDA:0,(anonymous_16)
FNDA:0,(anonymous_17)
FNDA:0,(anonymous_18)
FNDA:0,(anonymous_19)
FNDA:0,(anonymous_20)
FNDA:0,(anonymous_21)
FNDA:0,(anonymous_22)
FNDA:0,(anonymous_23)
FNDA:0,(anonymous_24)
FNDA:0,(anonymous_25)
FNDA:0,(anonymous_26)
FNDA:0,(anonymous_27)
FNDA:0,(anonymous_28)
FNDA:0,(anonymous_29)
FNDA:0,(anonymous_30)
FNDA:0,(anonymous_31)
FNDA:0,(anonymous_32)
FNDA:0,(anonymous_33)
DA:3,0
DA:4,0
DA:16,0
DA:17,0
DA:18,0
DA:19,0
DA:20,0
DA:21,0
DA:22,0
DA:23,0
DA:24,0
DA:25,0
DA:26,0
DA:27,0
DA:44,0
DA:45,0
DA:46,0
DA:47,0
DA:48,0
DA:49,0
DA:50,0
DA:51,0
DA:52,0
DA:53,0
DA:55,0
DA:79,0
DA:80,0
DA:94,0
DA:97,0
DA:98,0
DA:99,0
DA:103,0
DA:104,0
DA:107,0
DA:108,0
DA:113,0
DA:114,0
DA:115,0
DA:120,0
DA:123,0
DA:124,0
DA:129,0
DA:132,0
DA:133,0
DA:138,0
DA:141,0
DA:142,0
DA:143,0
DA:155,0
DA:157,0
DA:162,0
DA:164,0
DA:165,0
DA:171,0
DA:175,0
DA:176,0
DA:177,0
DA:179,0
DA:180,0
DA:183,0
DA:184,0
DA:186,0
DA:189,0
DA:215,0
DA:226,0
DA:237,0
DA:249,0
DA:304,0
DA:305,0
DA:306,0
DA:321,0
DA:322,0
DA:324,0
DA:335,0
DA:350,0
DA:356,0
DA:367,0
DA:377,0
DA:395,0
DA:408,0
DA:422,0
DA:436,0
DA:469,0
DA:480,0
DA:492,0
DA:513,0
DA:520,0
DA:526,0
LF:88
LH:0
BRDA:99,0,0,0
BRDA:99,0,1,0
BRDA:113,1,0,0
BRDA:114,2,0,0
BRDA:123,3,0,0
BRDA:132,4,0,0
BRDA:164,5,0,0
BRDA:164,5,1,0
BRDA:167,6,0,0
BRDA:167,6,1,0
BRDA:177,7,0,0
BRDA:259,8,0,0
BRDA:310,9,0,0
BRDA:344,10,0,0
BRF:14
BRH:0
end_of_record
TN:
SF:src/app/(dashboard)/analysis-frameworks/causeway/page.tsx
FN:60,CausewayListPage
FN:66,(anonymous_3)
FN:67,(anonymous_4)
FN:86,(anonymous_5)
FN:89,(anonymous_6)
FN:103,(anonymous_7)
FN:108,(anonymous_8)
FN:117,(anonymous_9)
FN:126,(anonymous_10)
FN:128,(anonymous_11)
FN:134,(anonymous_12)
FN:138,(anonymous_13)
FN:139,(anonymous_14)
FN:140,(anonymous_15)
FN:146,(anonymous_16)
FN:147,(anonymous_17)
FN:172,(anonymous_18)
FN:211,(anonymous_19)
FN:266,(anonymous_20)
FN:294,(anonymous_21)
FNF:20
FNH:0
FNDA:0,CausewayListPage
FNDA:0,(anonymous_3)
FNDA:0,(anonymous_4)
FNDA:0,(anonymous_5)
FNDA:0,(anonymous_6)
FNDA:0,(anonymous_7)
FNDA:0,(anonymous_8)
FNDA:0,(anonymous_9)
FNDA:0,(anonymous_10)
FNDA:0,(anonymous_11)
FNDA:0,(anonymous_12)
FNDA:0,(anonymous_13)
FNDA:0,(anonymous_14)
FNDA:0,(anonymous_15)
FNDA:0,(anonymous_16)
FNDA:0,(anonymous_17)
FNDA:0,(anonymous_18)
FNDA:0,(anonymous_19)
FNDA:0,(anonymous_20)
FNDA:0,(anonymous_21)
DA:3,0
DA:4,0
DA:14,0
DA:15,0
DA:16,0
DA:17,0
DA:18,0
DA:24,0
DA:25,0
DA:26,0
DA:27,0
DA:60,0
DA:61,0
DA:62,0
DA:63,0
DA:64,0
DA:66,0
DA:67,0
DA:68,0
DA:69,0
DA:70,0
DA:73,0
DA:75,0
DA:77,0
DA:79,0
DA:83,0
DA:86,0
DA:87,0
DA:88,0
DA:89,0
DA:90,0
DA:95,0
DA:103,0
DA:104,0
DA:108,0
DA:109,0
DA:110,0
DA:111,0
DA:112,0
DA:113,0
DA:117,0
DA:118,0
DA:119,0
DA:120,0
DA:121,0
DA:122,0
DA:126,0
DA:127,0
DA:128,0
DA:129,0
DA:131,0
DA:134,0
DA:135,0
DA:136,0
DA:138,0
DA:139,0
DA:140,0
DA:142,0
DA:143,0
DA:146,0
DA:147,0
DA:172,0
DA:212,0
DA:213,0
DA:214,0
DA:216,0
DA:267,0
DA:268,0
DA:294,0
LF:69
LH:0
BRDA:97,0,0,0
BRDA:97,0,1,0
BRDA:104,1,0,0
BRDA:104,1,1,0
BRDA:109,2,0,0
BRDA:109,2,1,0
BRDA:109,2,2,0
BRDA:109,2,3,0
BRDA:118,3,0,0
BRDA:118,3,1,0
BRDA:118,3,2,0
BRDA:118,3,3,0
BRDA:129,4,0,0
BRDA:129,4,1,0
BRDA:136,5,0,0
BRDA:136,6,0,0
BRDA:136,6,1,0
BRDA:182,7,0,0
BRDA:182,7,1,0
BRDA:187,8,0,0
BRDA:187,8,1,0
BRDA:192,9,0,0
BRDA:192,9,1,0
BRDA:195,10,0,0
BRDA:195,10,1,0
BRDA:200,11,0,0
BRDA:212,12,0,0
BRDA:212,12,1,0
BRDA:214,13,0,0
BRDA:214,13,1,0
BRDA:231,14,0,0
BRDA:239,15,0,0
BRDA:239,15,1,0
BRDA:240,16,0,0
BRDA:240,16,1,0
BRDA:247,17,0,0
BRDA:247,17,1,0
BRDA:251,18,0,0
BRDA:251,18,1,0
BRDA:253,19,0,0
BRDA:264,20,0,0
BRF:41
BRH:0
end_of_record
TN:
SF:src/app/(dashboard)/analysis-frameworks/causeway/[id]/page.tsx
FN:45,CausewayDetailPage
FN:52,(anonymous_2)
FN:53,(anonymous_3)
FN:108,(anonymous_4)
FN:127,(anonymous_5)
FN:136,(anonymous_6)
FN:145,(anonymous_7)
FN:154,(anonymous_8)
FN:181,(anonymous_9)
FN:255,(anonymous_10)
FN:301,(anonymous_11)
FN:332,(anonymous_12)
FNF:12
FNH:0
FNDA:0,CausewayDetailPage
FNDA:0,(anonymous_2)
FNDA:0,(anonymous_3)
FNDA:0,(anonymous_4)
FNDA:0,(anonymous_5)
FNDA:0,(anonymous_6)
FNDA:0,(anonymous_7)
FNDA:0,(anonymous_8)
FNDA:0,(anonymous_9)
FNDA:0,(anonymous_10)
FNDA:0,(anonymous_11)
FNDA:0,(anonymous_12)
DA:3,0
DA:4,0
DA:5,0
DA:6,0
DA:7,0
DA:8,0
DA:9,0
DA:10,0
DA:11,0
DA:45,0
DA:46,0
DA:47,0
DA:48,0
DA:49,0
DA:50,0
DA:52,0
DA:53,0
DA:54,0
DA:55,0
DA:56,0
DA:57,0
DA:59,0
DA:61,0
DA:99,0
DA:103,0
DA:104,0
DA:108,0
DA:109,0
DA:111,0
DA:112,0
DA:113,0
DA:117,0
DA:119,0
DA:127,0
DA:128,0
DA:129,0
DA:130,0
DA:131,0
DA:132,0
DA:136,0
DA:137,0
DA:138,0
DA:139,0
DA:140,0
DA:141,0
DA:145,0
DA:146,0
DA:147,0
DA:148,0
DA:149,0
DA:150,0
DA:154,0
DA:155,0
DA:156,0
DA:157,0
DA:158,0
DA:159,0
DA:163,0
DA:174,0
DA:181,0
DA:256,0
DA:257,0
DA:302,0
DA:333,0
LF:64
LH:0
BRDA:103,0,0,0
BRDA:109,1,0,0
BRDA:121,2,0,0
BRDA:121,2,1,0
BRDA:128,3,0,0
BRDA:128,3,1,0
BRDA:128,3,2,0
BRDA:128,3,3,0
BRDA:137,4,0,0
BRDA:137,4,1,0
BRDA:137,4,2,0
BRDA:137,4,3,0
BRDA:146,5,0,0
BRDA:146,5,1,0
BRDA:146,5,2,0
BRDA:146,5,3,0
BRDA:155,6,0,0
BRDA:155,6,1,0
BRDA:155,6,2,0
BRDA:155,6,3,0
BRDA:163,7,0,0
BRDA:174,8,0,0
BRDA:195,9,0,0
BRDA:200,10,0,0
BRDA:200,10,1,0
BRDA:201,11,0,0
BRDA:201,11,1,0
BRDA:233,12,0,0
BRDA:252,13,0,0
BRDA:275,14,0,0
BRDA:275,14,1,0
BRDA:298,15,0,0
BRDA:324,16,0,0
BRDA:324,16,1,0
BRDA:337,17,0,0
BRDA:337,17,1,0
BRDA:338,18,0,0
BRDA:338,18,1,0
BRDA:343,19,0,0
BRF:39
BRH:0
end_of_record
TN:
SF:src/app/(dashboard)/analysis-frameworks/causeway/create/page.tsx
FN:45,CausewayCreatePage
FN:79,(anonymous_2)
FN:92,(anonymous_3)
FN:93,(anonymous_4)
FN:98,(anonymous_5)
FN:99,(anonymous_6)
FN:102,(anonymous_7)
FN:113,(anonymous_8)
FN:114,(anonymous_9)
FN:119,(anonymous_10)
FN:120,(anonymous_11)
FN:126,(anonymous_12)
FN:154,(anonymous_13)
FN:155,(anonymous_14)
FN:179,(anonymous_15)
FN:180,(anonymous_16)
FN:184,(anonymous_17)
FN:185,(anonymous_18)
FN:209,(anonymous_19)
FN:219,(anonymous_20)
FN:229,(anonymous_21)
FN:259,(anonymous_22)
FN:273,(anonymous_23)
FN:282,(anonymous_24)
FN:290,(anonymous_25)
FN:303,(anonymous_26)
FN:318,(anonymous_27)
FN:358,(anonymous_28)
FN:365,(anonymous_29)
FN:372,(anonymous_30)
FN:382,(anonymous_31)
FN:395,(anonymous_32)
FN:420,(anonymous_33)
FNF:33
FNH:0
FNDA:0,CausewayCreatePage
FNDA:0,(anonymous_2)
FNDA:0,(anonymous_3)
FNDA:0,(anonymous_4)
FNDA:0,(anonymous_5)
FNDA:0,(anonymous_6)
FNDA:0,(anonymous_7)
FNDA:0,(anonymous_8)
FNDA:0,(anonymous_9)
FNDA:0,(anonymous_10)
FNDA:0,(anonymous_11)
FNDA:0,(anonymous_12)
FNDA:0,(anonymous_13)
FNDA:0,(anonymous_14)
FNDA:0,(anonymous_15)
FNDA:0,(anonymous_16)
FNDA:0,(anonymous_17)
FNDA:0,(anonymous_18)
FNDA:0,(anonymous_19)
FNDA:0,(anonymous_20)
FNDA:0,(anonymous_21)
FNDA:0,(anonymous_22)
FNDA:0,(anonymous_23)
FNDA:0,(anonymous_24)
FNDA:0,(anonymous_25)
FNDA:0,(anonymous_26)
FNDA:0,(anonymous_27)
FNDA:0,(anonymous_28)
FNDA:0,(anonymous_29)
FNDA:0,(anonymous_30)
FNDA:0,(anonymous_31)
FNDA:0,(anonymous_32)
FNDA:0,(anonymous_33)
DA:3,0
DA:4,0
DA:14,0
DA:15,0
DA:16,0
DA:17,0
DA:18,0
DA:19,0
DA:20,0
DA:21,0
DA:22,0
DA:23,0
DA:24,0
DA:45,0
DA:46,0
DA:47,0
DA:48,0
DA:49,0
DA:50,0
DA:51,0
DA:52,0
DA:53,0
DA:55,0
DA:79,0
DA:80,0
DA:89,0
DA:92,0
DA:93,0
DA:94,0
DA:98,0
DA:99,0
DA:102,0
DA:103,0
DA:110,0
DA:113,0
DA:114,0
DA:115,0
DA:119,0
DA:120,0
DA:126,0
DA:127,0
DA:128,0
DA:133,0
DA:136,0
DA:137,0
DA:142,0
DA:145,0
DA:146,0
DA:147,0
DA:154,0
DA:155,0
DA:159,0
DA:161,0
DA:166,0
DA:168,0
DA:169,0
DA:175,0
DA:179,0
DA:180,0
DA:181,0
DA:184,0
DA:185,0
DA:186,0
DA:209,0
DA:219,0
DA:229,0
DA:260,0
DA:261,0
DA:273,0
DA:282,0
DA:290,0
DA:303,0
DA:318,0
DA:359,0
DA:365,0
DA:372,0
DA:382,0
DA:395,0
DA:420,0
LF:79
LH:0
BRDA:94,0,0,0
BRDA:94,0,1,0
BRDA:115,1,0,0
BRDA:115,1,1,0
BRDA:127,2,0,0
BRDA:136,3,0,0
BRDA:171,4,0,0
BRDA:171,4,1,0
BRDA:181,5,0,0
BRDA:181,5,1,0
BRDA:186,6,0,0
BRDA:186,6,1,0
BRDA:253,7,0,0
BRDA:352,8,0,0
BRDA:427,9,0,0
BRDA:427,9,1,0
BRDA:431,10,0,0
BRF:17
BRH:0
end_of_record
TN:
SF:src/app/(dashboard)/analysis-frameworks/cog/page.tsx
FN:20,COGListPage
FN:23,(anonymous_3)
FN:28,(anonymous_4)
FN:59,(anonymous_5)
FN:66,(anonymous_6)
FNF:5
FNH:0
FNDA:0,COGListPage
FNDA:0,(anonymous_3)
FNDA:0,(anonymous_4)
FNDA:0,(anonymous_5)
FNDA:0,(anonymous_6)
DA:3,0
DA:4,0
DA:5,0
DA:7,0
DA:8,0
DA:9,0
DA:15,0
DA:18,0
DA:20,0
DA:21,0
DA:23,0
DA:24,0
DA:28,0
DA:29,0
DA:30,0
DA:31,0
DA:32,0
DA:33,0
DA:59,0
DA:67,0
LF:20
LH:0
BRDA:24,0,0,0
BRDA:24,0,1,0
BRDA:29,1,0,0
BRDA:29,1,1,0
BRDA:29,1,2,0
BRDA:29,1,3,0
BRDA:126,2,0,0
BRDA:132,3,0,0
BRDA:132,3,1,0
BRDA:134,4,0,0
BRF:10
BRH:0
end_of_record
TN:
SF:src/app/(dashboard)/analysis-frameworks/cog/[id]/page.tsx
FN:56,COGViewPage
FN:66,(anonymous_2)
FN:67,(anonymous_3)
FN:88,(anonymous_4)
FN:92,(anonymous_5)
FN:113,(anonymous_6)
FN:118,(anonymous_7)
FN:147,(anonymous_8)
FN:157,(anonymous_9)
FN:161,(anonymous_10)
FN:168,(anonymous_11)
FN:186,(anonymous_12)
FN:217,(anonymous_13)
FN:237,(anonymous_14)
FN:364,(anonymous_15)
FN:368,(anonymous_16)
FN:372,(anonymous_17)
FN:376,(anonymous_18)
FN:391,(anonymous_19)
FN:405,(anonymous_20)
FN:454,(anonymous_21)
FN:476,(anonymous_22)
FN:496,(anonymous_23)
FN:509,(anonymous_24)
FNF:24
FNH:0
FNDA:0,COGViewPage
FNDA:0,(anonymous_2)
FNDA:0,(anonymous_3)
FNDA:0,(anonymous_4)
FNDA:0,(anonymous_5)
FNDA:0,(anonymous_6)
FNDA:0,(anonymous_7)
FNDA:0,(anonymous_8)
FNDA:0,(anonymous_9)
FNDA:0,(anonymous_10)
FNDA:0,(anonymous_11)
FNDA:0,(anonymous_12)
FNDA:0,(anonymous_13)
FNDA:0,(anonymous_14)
FNDA:0,(anonymous_15)
FNDA:0,(anonymous_16)
FNDA:0,(anonymous_17)
FNDA:0,(anonymous_18)
FNDA:0,(anonymous_19)
FNDA:0,(anonymous_20)
FNDA:0,(anonymous_21)
FNDA:0,(anonymous_22)
FNDA:0,(anonymous_23)
FNDA:0,(anonymous_24)
DA:3,0
DA:4,0
DA:22,0
DA:23,0
DA:24,0
DA:25,0
DA:33,0
DA:34,0
DA:35,0
DA:36,0
DA:37,0
DA:56,0
DA:57,0
DA:58,0
DA:59,0
DA:60,0
DA:61,0
DA:62,0
DA:63,0
DA:64,0
DA:66,0
DA:67,0
DA:68,0
DA:69,0
DA:70,0
DA:72,0
DA:77,0
DA:79,0
DA:83,0
DA:84,0
DA:88,0
DA:89,0
DA:92,0
DA:93,0
DA:94,0
DA:100,0
DA:105,0
DA:113,0
DA:114,0
DA:116,0
DA:118,0
DA:121,0
DA:129,0
DA:130,0
DA:132,0
DA:137,0
DA:143,0
DA:147,0
DA:148,0
DA:149,0
DA:150,0
DA:152,0
DA:153,0
DA:154,0
DA:157,0
DA:158,0
DA:159,0
DA:161,0
DA:168,0
DA:169,0
DA:171,0
DA:172,0
DA:174,0
DA:175,0
DA:177,0
DA:178,0
DA:180,0
DA:181,0
DA:183,0
DA:186,0
DA:187,0
DA:190,0
DA:191,0
DA:198,0
DA:199,0
DA:206,0
DA:207,0
DA:214,0
DA:217,0
DA:218,0
DA:219,0
DA:220,0
DA:222,0
DA:223,0
DA:226,0
DA:227,0
DA:230,0
DA:231,0
DA:232,0
DA:234,0
DA:237,0
DA:238,0
DA:244,0
DA:255,0
DA:256,0
DA:259,0
DA:298,0
DA:364,0
DA:368,0
DA:372,0
DA:376,0
DA:392,0
DA:406,0
DA:455,0
DA:477,0
DA:497,0
DA:510,0
LF:107
LH:0
BRDA:74,0,0,0
BRDA:74,0,1,0
BRDA:83,1,0,0
BRDA:107,2,0,0
BRDA:107,2,1,0
BRDA:139,3,0,0
BRDA:139,3,1,0
BRDA:150,4,0,0
BRDA:150,4,1,0
BRDA:152,5,0,0
BRDA:153,6,0,0
BRDA:159,7,0,0
BRDA:163,8,0,0
BRDA:163,8,1,0
BRDA:164,9,0,0
BRDA:164,9,1,0
BRDA:171,10,0,0
BRDA:174,11,0,0
BRDA:177,12,0,0
BRDA:190,13,0,0
BRDA:198,14,0,0
BRDA:206,15,0,0
BRDA:222,16,0,0
BRDA:226,17,0,0
BRDA:244,18,0,0
BRDA:255,19,0,0
BRDA:315,20,0,0
BRDA:337,21,0,0
BRDA:404,22,0,0
BRDA:425,23,0,0
BRDA:425,23,1,0
BRDA:441,24,0,0
BRDA:441,24,1,0
BRDA:442,25,0,0
BRDA:442,25,1,0
BRDA:443,26,0,0
BRDA:443,26,1,0
BRDA:450,27,0,0
BRDA:472,28,0,0
BRF:39
BRH:0
end_of_record
TN:
SF:src/app/(dashboard)/analysis-frameworks/cog/create/page.tsx
FN:25,CreateCOGPage
FN:39,(anonymous_2)
FN:44,(anonymous_3)
FN:50,(anonymous_4)
FN:51,(anonymous_5)
FN:53,(anonymous_6)
FN:59,(anonymous_7)
FN:60,(anonymous_8)
FN:62,(anonymous_9)
FN:66,(anonymous_10)
FN:83,(anonymous_11)
FN:84,(anonymous_12)
FN:85,(anonymous_13)
FN:86,(anonymous_14)
FN:182,(anonymous_15)
FN:191,(anonymous_16)
FN:202,(anonymous_17)
FN:214,(anonymous_18)
FN:218,(anonymous_19)
FN:226,(anonymous_20)
FN:236,(anonymous_21)
FNF:21
FNH:0
FNDA:0,CreateCOGPage
FNDA:0,(anonymous_2)
FNDA:0,(anonymous_3)
FNDA:0,(anonymous_4)
FNDA:0,(anonymous_5)
FNDA:0,(anonymous_6)
FNDA:0,(anonymous_7)
FNDA:0,(anonymous_8)
FNDA:0,(anonymous_9)
FNDA:0,(anonymous_10)
FNDA:0,(anonymous_11)
FNDA:0,(anonymous_12)
FNDA:0,(anonymous_13)
FNDA:0,(anonymous_14)
FNDA:0,(anonymous_15)
FNDA:0,(anonymous_16)
FNDA:0,(anonymous_17)
FNDA:0,(anonymous_18)
FNDA:0,(anonymous_19)
FNDA:0,(anonymous_20)
FNDA:0,(anonymous_21)
DA:3,0
DA:4,0
DA:5,0
DA:6,0
DA:7,0
DA:8,0
DA:9,0
DA:10,0
DA:11,0
DA:25,0
DA:26,0
DA:27,0
DA:28,0
DA:29,0
DA:30,0
DA:32,0
DA:39,0
DA:40,0
DA:44,0
DA:50,0
DA:51,0
DA:54,0
DA:59,0
DA:60,0
DA:62,0
DA:66,0
DA:67,0
DA:68,0
DA:73,0
DA:76,0
DA:77,0
DA:78,0
DA:83,0
DA:84,0
DA:85,0
DA:86,0
DA:91,0
DA:93,0
DA:98,0
DA:100,0
DA:106,0
DA:110,0
DA:182,0
DA:191,0
DA:203,0
DA:215,0
DA:218,0
DA:226,0
DA:236,0
LF:49
LH:0
BRDA:54,0,0,0
BRDA:54,0,1,0
BRDA:67,1,0,0
BRDA:102,2,0,0
BRDA:102,2,1,0
BRDA:165,3,0,0
BRDA:165,3,1,0
BRF:7
BRH:0
end_of_record
TN:
SF:src/app/(dashboard)/analysis-frameworks/deception/page.tsx
FN:29,DeceptionDetectionPage
FN:35,(anonymous_3)
FN:39,(anonymous_4)
FN:54,(anonymous_5)
FN:73,(anonymous_6)
FN:103,(anonymous_7)
FN:158,(anonymous_8)
FN:168,(anonymous_9)
FNF:8
FNH:0
FNDA:0,DeceptionDetectionPage
FNDA:0,(anonymous_3)
FNDA:0,(anonymous_4)
FNDA:0,(anonymous_5)
FNDA:0,(anonymous_6)
FNDA:0,(anonymous_7)
FNDA:0,(anonymous_8)
FNDA:0,(anonymous_9)
DA:3,0
DA:4,0
DA:5,0
DA:6,0
DA:7,0
DA:8,0
DA:9,0
DA:10,0
DA:11,0
DA:29,0
DA:30,0
DA:31,0
DA:32,0
DA:33,0
DA:35,0
DA:36,0
DA:39,0
DA:40,0
DA:41,0
DA:42,0
DA:44,0
DA:50,0
DA:54,0
DA:55,0
DA:56,0
DA:57,0
DA:58,0
DA:59,0
DA:63,0
DA:74,0
DA:103,0
DA:158,0
DA:169,0
LF:33
LH:0
BRDA:42,0,0,0
BRDA:42,0,1,0
BRDA:55,1,0,0
BRDA:55,1,1,0
BRDA:55,1,2,0
BRDA:55,1,3,0
BRDA:63,2,0,0
BRDA:150,3,0,0
BRDA:185,4,0,0
BRDA:190,5,0,0
BRDA:190,5,1,0
BRDA:193,6,0,0
BRDA:204,7,0,0
BRDA:210,8,0,0
BRDA:213,9,0,0
BRDA:213,9,1,0
BRDA:221,10,0,0
BRDA:221,10,1,0
BRF:18
BRH:0
end_of_record
TN:
SF:src/app/(dashboard)/analysis-frameworks/deception/[id]/page.tsx
FN:40,DeceptionDetectionViewPage
FN:47,(anonymous_2)
FN:53,(anonymous_3)
FN:69,(anonymous_4)
FN:78,(anonymous_5)
FN:88,(anonymous_6)
FN:101,(anonymous_7)
FN:122,(anonymous_8)
FN:147,(anonymous_9)
FN:164,(anonymous_10)
FN:243,(anonymous_11)
FN:275,(anonymous_12)
FN:329,(anonymous_13)
FN:335,(anonymous_14)
FN:341,(anonymous_15)
FN:347,(anonymous_16)
FN:358,Label
FNF:17
FNH:0
FNDA:0,DeceptionDetectionViewPage
FNDA:0,(anonymous_2)
FNDA:0,(anonymous_3)
FNDA:0,(anonymous_4)
FNDA:0,(anonymous_5)
FNDA:0,(anonymous_6)
FNDA:0,(anonymous_7)
FNDA:0,(anonymous_8)
FNDA:0,(anonymous_9)
FNDA:0,(anonymous_10)
FNDA:0,(anonymous_11)
FNDA:0,(anonymous_12)
FNDA:0,(anonymous_13)
FNDA:0,(anonymous_14)
FNDA:0,(anonymous_15)
FNDA:0,(anonymous_16)
FNDA:0,Label
DA:3,0
DA:4,0
DA:5,0
DA:6,0
DA:7,0
DA:8,0
DA:9,0
DA:10,0
DA:40,0
DA:41,0
DA:42,0
DA:43,0
DA:44,0
DA:45,0
DA:47,0
DA:48,0
DA:49,0
DA:53,0
DA:54,0
DA:55,0
DA:56,0
DA:58,0
DA:63,0
DA:65,0
DA:69,0
DA:70,0
DA:71,0
DA:72,0
DA:73,0
DA:74,0
DA:78,0
DA:79,0
DA:80,0
DA:81,0
DA:82,0
DA:83,0
DA:84,0
DA:88,0
DA:89,0
DA:90,0
DA:91,0
DA:92,0
DA:93,0
DA:97,0
DA:101,0
DA:118,0
DA:122,0
DA:140,0
DA:147,0
DA:164,0
DA:244,0
DA:276,0
DA:277,0
DA:329,0
DA:335,0
DA:341,0
DA:347,0
LF:57
LH:0
BRDA:48,0,0,0
BRDA:70,1,0,0
BRDA:70,1,1,0
BRDA:70,1,2,0
BRDA:70,1,3,0
BRDA:79,2,0,0
BRDA:79,2,1,0
BRDA:79,2,2,0
BRDA:79,2,3,0
BRDA:79,2,4,0
BRDA:89,3,0,0
BRDA:89,3,1,0
BRDA:89,3,2,0
BRDA:89,3,3,0
BRDA:97,4,0,0
BRDA:118,5,0,0
BRDA:140,6,0,0
BRDA:140,6,1,0
BRDA:140,6,2,0
BRDA:180,7,0,0
BRDA:196,8,0,0
BRDA:206,9,0,0
BRDA:237,10,0,0
BRDA:237,10,1,0
BRDA:269,11,0,0
BRDA:360,12,0,0
BRDA:360,12,1,0
BRF:27
BRH:0
end_of_record
TN:
SF:src/app/(dashboard)/analysis-frameworks/deception/create/page.tsx
FN:33,CreateDeceptionDetectionPage
FN:45,(anonymous_2)
FN:54,(anonymous_3)
FN:57,(anonymous_4)
FN:58,(anonymous_5)
FN:58,(anonymous_6)
FN:63,(anonymous_7)
FN:64,(anonymous_8)
FN:64,(anonymous_9)
FN:67,(anonymous_10)
FN:128,(anonymous_11)
FN:157,(anonymous_12)
FN:180,(anonymous_13)
FN:189,(anonymous_14)
FN:239,(anonymous_15)
FN:249,(anonymous_16)
FN:274,(anonymous_17)
FN:285,(anonymous_18)
FN:338,(anonymous_19)
FN:369,(anonymous_20)
FN:378,(anonymous_21)
FN:393,(anonymous_22)
FN:405,(anonymous_23)
FN:415,(anonymous_24)
FN:428,(anonymous_25)
FN:443,(anonymous_26)
FNF:26
FNH:0
FNDA:0,CreateDeceptionDetectionPage
FNDA:0,(anonymous_2)
FNDA:0,(anonymous_3)
FNDA:0,(anonymous_4)
FNDA:0,(anonymous_5)
FNDA:0,(anonymous_6)
FNDA:0,(anonymous_7)
FNDA:0,(anonymous_8)
FNDA:0,(anonymous_9)
FNDA:0,(anonymous_10)
FNDA:0,(anonymous_11)
FNDA:0,(anonymous_12)
FNDA:0,(anonymous_13)
FNDA:0,(anonymous_14)
FNDA:0,(anonymous_15)
FNDA:0,(anonymous_16)
FNDA:0,(anonymous_17)
FNDA:0,(anonymous_18)
FNDA:0,(anonymous_19)
FNDA:0,(anonymous_20)
FNDA:0,(anonymous_21)
FNDA:0,(anonymous_22)
FNDA:0,(anonymous_23)
FNDA:0,(anonymous_24)
FNDA:0,(anonymous_25)
FNDA:0,(anonymous_26)
DA:3,0
DA:4,0
DA:5,0
DA:6,0
DA:7,0
DA:8,0
DA:9,0
DA:10,0
DA:11,0
DA:12,0
DA:13,0
DA:33,0
DA:34,0
DA:35,0
DA:36,0
DA:37,0
DA:38,0
DA:39,0
DA:40,0
DA:41,0
DA:42,0
DA:43,0
DA:45,0
DA:46,0
DA:54,0
DA:57,0
DA:58,0
DA:59,0
DA:63,0
DA:64,0
DA:67,0
DA:68,0
DA:69,0
DA:74,0
DA:77,0
DA:78,0
DA:80,0
DA:110,0
DA:111,0
DA:113,0
DA:118,0
DA:124,0
DA:128,0
DA:129,0
DA:130,0
DA:135,0
DA:138,0
DA:139,0
DA:144,0
DA:147,0
DA:148,0
DA:149,0
DA:157,0
DA:161,0
DA:163,0
DA:168,0
DA:170,0
DA:176,0
DA:180,0
DA:181,0
DA:182,0
DA:183,0
DA:184,0
DA:185,0
DA:189,0
DA:190,0
DA:191,0
DA:192,0
DA:193,0
DA:194,0
DA:195,0
DA:239,0
DA:249,0
DA:274,0
DA:285,0
DA:339,0
DA:370,0
DA:371,0
DA:378,0
DA:393,0
DA:405,0
DA:415,0
DA:428,0
DA:443,0
LF:84
LH:0
BRDA:59,0,0,0
BRDA:59,0,1,0
BRDA:68,1,0,0
BRDA:82,2,0,0
BRDA:82,2,1,0
BRDA:84,3,0,0
BRDA:84,3,1,0
BRDA:84,4,0,0
BRDA:84,4,1,0
BRDA:120,5,0,0
BRDA:120,5,1,0
BRDA:129,6,0,0
BRDA:138,7,0,0
BRDA:172,8,0,0
BRDA:172,8,1,0
BRDA:181,9,0,0
BRDA:181,9,1,0
BRDA:181,9,2,0
BRDA:181,9,3,0
BRDA:190,10,0,0
BRDA:190,10,1,0
BRDA:190,10,2,0
BRDA:190,10,3,0
BRDA:190,10,4,0
BRDA:221,11,0,0
BRDA:221,11,1,0
BRDA:293,12,0,0
BRDA:293,12,1,0
BRDA:298,13,0,0
BRDA:298,13,1,0
BRDA:304,14,0,0
BRDA:320,15,0,0
BRDA:320,15,1,0
BRDA:321,16,0,0
BRDA:321,16,1,0
BRDA:334,17,0,0
BRDA:452,18,0,0
BRF:37
BRH:0
end_of_record
TN:
SF:src/app/(dashboard)/analysis-frameworks/dime/page.tsx
FN:20,DIMEListPage
FN:23,(anonymous_3)
FN:28,(anonymous_4)
FN:37,(anonymous_5)
FN:65,(anonymous_6)
FN:72,(anonymous_7)
FNF:6
FNH:0
FNDA:0,DIMEListPage
FNDA:0,(anonymous_3)
FNDA:0,(anonymous_4)
FNDA:0,(anonymous_5)
FNDA:0,(anonymous_6)
FNDA:0,(anonymous_7)
DA:3,0
DA:4,0
DA:5,0
DA:7,0
DA:8,0
DA:9,0
DA:15,0
DA:18,0
DA:20,0
DA:21,0
DA:23,0
DA:24,0
DA:28,0
DA:29,0
DA:30,0
DA:31,0
DA:32,0
DA:33,0
DA:37,0
DA:38,0
DA:39,0
DA:40,0
DA:65,0
DA:73,0
LF:24
LH:0
BRDA:24,0,0,0
BRDA:24,0,1,0
BRDA:29,1,0,0
BRDA:29,1,1,0
BRDA:29,1,2,0
BRDA:29,1,3,0
BRDA:38,2,0,0
BRDA:39,3,0,0
BRDA:145,4,0,0
BRDA:151,5,0,0
BRDA:151,5,1,0
BRDA:153,6,0,0
BRF:12
BRH:0
end_of_record
TN:
SF:src/app/(dashboard)/analysis-frameworks/dime/[id]/page.tsx
FN:57,DIMEViewPage
FN:67,(anonymous_2)
FN:68,(anonymous_3)
FN:89,(anonymous_4)
FN:93,(anonymous_5)
FN:114,(anonymous_6)
FN:121,(anonymous_7)
FN:126,(anonymous_8)
FN:129,(anonymous_9)
FN:137,(anonymous_10)
FN:138,(anonymous_11)
FN:143,(anonymous_12)
FN:146,(anonymous_13)
FN:171,(anonymous_14)
FN:240,(anonymous_15)
FN:284,(anonymous_16)
FN:288,(anonymous_17)
FN:292,(anonymous_18)
FN:296,(anonymous_19)
FN:346,(anonymous_20)
FN:356,(anonymous_21)
FN:364,(anonymous_22)
FN:385,(anonymous_23)
FN:399,(anonymous_24)
FN:435,(anonymous_25)
FN:458,(anonymous_26)
FN:482,(anonymous_27)
FNF:27
FNH:0
FNDA:0,DIMEViewPage
FNDA:0,(anonymous_2)
FNDA:0,(anonymous_3)
FNDA:0,(anonymous_4)
FNDA:0,(anonymous_5)
FNDA:0,(anonymous_6)
FNDA:0,(anonymous_7)
FNDA:0,(anonymous_8)
FNDA:0,(anonymous_9)
FNDA:0,(anonymous_10)
FNDA:0,(anonymous_11)
FNDA:0,(anonymous_12)
FNDA:0,(anonymous_13)
FNDA:0,(anonymous_14)
FNDA:0,(anonymous_15)
FNDA:0,(anonymous_16)
FNDA:0,(anonymous_17)
FNDA:0,(anonymous_18)
FNDA:0,(anonymous_19)
FNDA:0,(anonymous_20)
FNDA:0,(anonymous_21)
FNDA:0,(anonymous_22)
FNDA:0,(anonymous_23)
FNDA:0,(anonymous_24)
FNDA:0,(anonymous_25)
FNDA:0,(anonymous_26)
FNDA:0,(anonymous_27)
DA:3,0
DA:4,0
DA:23,0
DA:24,0
DA:25,0
DA:26,0
DA:34,0
DA:35,0
DA:36,0
DA:37,0
DA:38,0
DA:57,0
DA:58,0
DA:59,0
DA:60,0
DA:61,0
DA:62,0
DA:63,0
DA:64,0
DA:65,0
DA:67,0
DA:68,0
DA:69,0
DA:70,0
DA:71,0
DA:73,0
DA:78,0
DA:80,0
DA:84,0
DA:85,0
DA:89,0
DA:90,0
DA:93,0
DA:94,0
DA:95,0
DA:101,0
DA:106,0
DA:114,0
DA:115,0
DA:121,0
DA:122,0
DA:124,0
DA:125,0
DA:126,0
DA:129,0
DA:137,0
DA:138,0
DA:140,0
DA:143,0
DA:146,0
DA:153,0
DA:154,0
DA:156,0
DA:161,0
DA:167,0
DA:171,0
DA:172,0
DA:174,0
DA:180,0
DA:191,0
DA:192,0
DA:195,0
DA:234,0
DA:240,0
DA:284,0
DA:288,0
DA:292,0
DA:296,0
DA:346,0
DA:356,0
DA:365,0
DA:386,0
DA:400,0
DA:436,0
DA:459,0
DA:482,0
LF:76
LH:0
BRDA:75,0,0,0
BRDA:75,0,1,0
BRDA:84,1,0,0
BRDA:108,2,0,0
BRDA:108,2,1,0
BRDA:122,3,0,0
BRDA:132,4,0,0
BRDA:132,4,1,0
BRDA:133,5,0,0
BRDA:133,5,1,0
BRDA:133,6,0,0
BRDA:133,6,1,0
BRDA:133,7,0,0
BRDA:133,7,1,0
BRDA:143,8,0,0
BRDA:143,8,1,0
BRDA:145,9,0,0
BRDA:145,9,1,0
BRDA:145,10,0,0
BRDA:145,10,1,0
BRDA:146,11,0,0
BRDA:146,11,1,0
BRDA:147,12,0,0
BRDA:147,12,1,0
BRDA:163,13,0,0
BRDA:163,13,1,0
BRDA:172,14,0,0
BRDA:180,15,0,0
BRDA:191,16,0,0
BRDA:253,17,0,0
BRDA:325,18,0,0
BRDA:325,18,1,0
BRDA:367,19,0,0
BRDA:367,19,1,0
BRDA:368,20,0,0
BRDA:368,20,1,0
BRDA:369,21,0,0
BRDA:369,21,1,0
BRDA:375,22,0,0
BRDA:375,22,1,0
BRDA:398,23,0,0
BRDA:419,24,0,0
BRDA:419,24,1,0
BRDA:440,25,0,0
BRDA:440,25,1,0
BRDA:441,26,0,0
BRDA:441,26,1,0
BRDA:442,27,0,0
BRDA:442,27,1,0
BRF:49
BRH:0
end_of_record
TN:
SF:src/app/(dashboard)/analysis-frameworks/dime/create/page.tsx
FN:26,CreateDIMEPage
FN:45,(anonymous_2)
FN:50,(anonymous_3)
FN:56,(anonymous_4)
FN:57,(anonymous_5)
FN:59,(anonymous_6)
FN:65,(anonymous_7)
FN:66,(anonymous_8)
FN:68,(anonymous_9)
FN:72,(anonymous_10)
FN:74,(anonymous_11)
FN:79,(anonymous_12)
FN:80,(anonymous_13)
FN:80,(anonymous_14)
FN:83,(anonymous_15)
FN:116,(anonymous_16)
FN:127,(anonymous_17)
FN:129,(anonymous_18)
FN:134,(anonymous_19)
FN:156,(anonymous_20)
FN:278,(anonymous_21)
FN:288,(anonymous_22)
FN:300,(anonymous_23)
FN:310,(anonymous_24)
FN:321,(anonymous_25)
FN:347,(anonymous_26)
FN:349,(anonymous_27)
FN:362,(anonymous_28)
FN:369,(anonymous_29)
FN:392,(anonymous_30)
FN:404,(anonymous_31)
FN:408,(anonymous_32)
FN:416,(anonymous_33)
FN:426,(anonymous_34)
FNF:34
FNH:0
FNDA:0,CreateDIMEPage
FNDA:0,(anonymous_2)
FNDA:0,(anonymous_3)
FNDA:0,(anonymous_4)
FNDA:0,(anonymous_5)
FNDA:0,(anonymous_6)
FNDA:0,(anonymous_7)
FNDA:0,(anonymous_8)
FNDA:0,(anonymous_9)
FNDA:0,(anonymous_10)
FNDA:0,(anonymous_11)
FNDA:0,(anonymous_12)
FNDA:0,(anonymous_13)
FNDA:0,(anonymous_14)
FNDA:0,(anonymous_15)
FNDA:0,(anonymous_16)
FNDA:0,(anonymous_17)
FNDA:0,(anonymous_18)
FNDA:0,(anonymous_19)
FNDA:0,(anonymous_20)
FNDA:0,(anonymous_21)
FNDA:0,(anonymous_22)
FNDA:0,(anonymous_23)
FNDA:0,(anonymous_24)
FNDA:0,(anonymous_25)
FNDA:0,(anonymous_26)
FNDA:0,(anonymous_27)
FNDA:0,(anonymous_28)
FNDA:0,(anonymous_29)
FNDA:0,(anonymous_30)
FNDA:0,(anonymous_31)
FNDA:0,(anonymous_32)
FNDA:0,(anonymous_33)
FNDA:0,(anonymous_34)
DA:3,0
DA:4,0
DA:5,0
DA:6,0
DA:7,0
DA:8,0
DA:9,0
DA:10,0
DA:11,0
DA:12,0
DA:26,0
DA:27,0
DA:28,0
DA:29,0
DA:30,0
DA:31,0
DA:32,0
DA:33,0
DA:34,0
DA:35,0
DA:36,0
DA:38,0
DA:45,0
DA:46,0
DA:50,0
DA:56,0
DA:57,0
DA:60,0
DA:65,0
DA:66,0
DA:68,0
DA:72,0
DA:73,0
DA:74,0
DA:75,0
DA:79,0
DA:80,0
DA:83,0
DA:84,0
DA:85,0
DA:90,0
DA:93,0
DA:95,0
DA:99,0
DA:100,0
DA:102,0
DA:108,0
DA:116,0
DA:117,0
DA:118,0
DA:123,0
DA:125,0
DA:127,0
DA:128,0
DA:129,0
DA:130,0
DA:134,0
DA:142,0
DA:148,0
DA:156,0
DA:157,0
DA:158,0
DA:163,0
DA:166,0
DA:167,0
DA:172,0
DA:175,0
DA:176,0
DA:177,0
DA:186,0
DA:188,0
DA:193,0
DA:195,0
DA:201,0
DA:205,0
DA:278,0
DA:288,0
DA:300,0
DA:310,0
DA:321,0
DA:347,0
DA:349,0
DA:363,0
DA:369,0
DA:393,0
DA:405,0
DA:408,0
DA:416,0
DA:426,0
LF:89
LH:0
BRDA:60,0,0,0
BRDA:60,0,1,0
BRDA:73,1,0,0
BRDA:73,2,0,0
BRDA:73,2,1,0
BRDA:84,3,0,0
BRDA:95,4,0,0
BRDA:95,4,1,0
BRDA:99,5,0,0
BRDA:99,5,1,0
BRDA:110,6,0,0
BRDA:110,6,1,0
BRDA:123,7,0,0
BRDA:128,8,0,0
BRDA:128,9,0,0
BRDA:128,9,1,0
BRDA:157,10,0,0
BRDA:166,11,0,0
BRDA:180,12,0,0
BRDA:180,12,1,0
BRDA:181,13,0,0
BRDA:181,13,1,0
BRDA:182,14,0,0
BRDA:182,14,1,0
BRDA:197,15,0,0
BRDA:197,15,1,0
BRDA:260,16,0,0
BRDA:260,16,1,0
BRDA:349,17,0,0
BRDA:349,17,1,0
BRDA:358,18,0,0
BRDA:453,19,0,0
BRDA:453,19,1,0
BRDA:458,20,0,0
BRDA:458,20,1,0
BRF:35
BRH:0
end_of_record
TN:
SF:src/app/(dashboard)/analysis-frameworks/dotmlpf/page.tsx
FN:55,DOTMLPFListPage
FN:61,(anonymous_3)
FN:62,(anonymous_4)
FN:83,(anonymous_5)
FN:86,(anonymous_6)
FN:100,(anonymous_7)
FN:105,(anonymous_8)
FN:114,(anonymous_9)
FN:128,(anonymous_10)
FN:130,(anonymous_11)
FN:136,(anonymous_12)
FN:137,(anonymous_13)
FN:140,(anonymous_14)
FN:141,(anonymous_15)
FN:166,(anonymous_16)
FN:205,(anonymous_17)
FN:258,(anonymous_18)
FN:286,(anonymous_19)
FNF:18
FNH:0
FNDA:0,DOTMLPFListPage
FNDA:0,(anonymous_3)
FNDA:0,(anonymous_4)
FNDA:0,(anonymous_5)
FNDA:0,(anonymous_6)
FNDA:0,(anonymous_7)
FNDA:0,(anonymous_8)
FNDA:0,(anonymous_9)
FNDA:0,(anonymous_10)
FNDA:0,(anonymous_11)
FNDA:0,(anonymous_12)
FNDA:0,(anonymous_13)
FNDA:0,(anonymous_14)
FNDA:0,(anonymous_15)
FNDA:0,(anonymous_16)
FNDA:0,(anonymous_17)
FNDA:0,(anonymous_18)
FNDA:0,(anonymous_19)
DA:3,0
DA:4,0
DA:21,0
DA:22,0
DA:23,0
DA:24,0
DA:25,0
DA:31,0
DA:32,0
DA:33,0
DA:34,0
DA:55,0
DA:56,0
DA:57,0
DA:58,0
DA:59,0
DA:61,0
DA:62,0
DA:63,0
DA:64,0
DA:65,0
DA:68,0
DA:70,0
DA:76,0
DA:80,0
DA:83,0
DA:84,0
DA:85,0
DA:86,0
DA:87,0
DA:92,0
DA:100,0
DA:101,0
DA:105,0
DA:106,0
DA:107,0
DA:108,0
DA:109,0
DA:110,0
DA:114,0
DA:115,0
DA:116,0
DA:117,0
DA:118,0
DA:119,0
DA:120,0
DA:121,0
DA:122,0
DA:123,0
DA:124,0
DA:128,0
DA:129,0
DA:130,0
DA:131,0
DA:133,0
DA:136,0
DA:137,0
DA:140,0
DA:141,0
DA:166,0
DA:206,0
DA:207,0
DA:208,0
DA:210,0
DA:259,0
DA:260,0
DA:286,0
LF:67
LH:0
BRDA:72,0,0,0
BRDA:72,0,1,0
BRDA:94,1,0,0
BRDA:94,1,1,0
BRDA:101,2,0,0
BRDA:101,2,1,0
BRDA:106,3,0,0
BRDA:106,3,1,0
BRDA:106,3,2,0
BRDA:106,3,3,0
BRDA:115,4,0,0
BRDA:115,4,1,0
BRDA:115,4,2,0
BRDA:115,4,3,0
BRDA:115,4,4,0
BRDA:115,4,5,0
BRDA:115,4,6,0
BRDA:115,4,7,0
BRDA:115,4,8,0
BRDA:131,5,0,0
BRDA:131,5,1,0
BRDA:176,6,0,0
BRDA:176,6,1,0
BRDA:181,7,0,0
BRDA:181,7,1,0
BRDA:186,8,0,0
BRDA:186,8,1,0
BRDA:189,9,0,0
BRDA:189,9,1,0
BRDA:194,10,0,0
BRDA:206,11,0,0
BRDA:206,11,1,0
BRDA:207,12,0,0
BRDA:207,12,1,0
BRDA:208,13,0,0
BRDA:208,13,1,0
BRDA:225,14,0,0
BRDA:228,15,0,0
BRDA:237,16,0,0
BRDA:237,16,1,0
BRDA:239,17,0,0
BRDA:245,18,0,0
BRDA:256,19,0,0
BRF:43
BRH:0
end_of_record
TN:
SF:src/app/(dashboard)/analysis-frameworks/dotmlpf/[id]/page.tsx
FN:68,DOTMLPFViewPage
FN:76,(anonymous_2)
FN:77,(anonymous_3)
FN:98,(anonymous_4)
FN:102,(anonymous_5)
FN:109,(anonymous_6)
FN:142,(anonymous_7)
FN:153,(anonymous_8)
FN:163,(anonymous_9)
FN:179,(anonymous_10)
FN:181,(anonymous_11)
FN:182,(anonymous_12)
FN:187,(anonymous_13)
FN:191,(anonymous_14)
FN:192,(anonymous_15)
FN:193,(anonymous_16)
FN:194,(anonymous_17)
FN:195,(anonymous_18)
FN:308,(anonymous_19)
FN:334,(anonymous_20)
FN:336,(anonymous_21)
FN:337,(anonymous_22)
FN:380,(anonymous_23)
FN:381,(anonymous_24)
FN:411,(anonymous_25)
FN:434,(anonymous_26)
FN:543,(anonymous_27)
FNF:27
FNH:0
FNDA:0,DOTMLPFViewPage
FNDA:0,(anonymous_2)
FNDA:0,(anonymous_3)
FNDA:0,(anonymous_4)
FNDA:0,(anonymous_5)
FNDA:0,(anonymous_6)
FNDA:0,(anonymous_7)
FNDA:0,(anonymous_8)
FNDA:0,(anonymous_9)
FNDA:0,(anonymous_10)
FNDA:0,(anonymous_11)
FNDA:0,(anonymous_12)
FNDA:0,(anonymous_13)
FNDA:0,(anonymous_14)
FNDA:0,(anonymous_15)
FNDA:0,(anonymous_16)
FNDA:0,(anonymous_17)
FNDA:0,(anonymous_18)
FNDA:0,(anonymous_19)
FNDA:0,(anonymous_20)
FNDA:0,(anonymous_21)
FNDA:0,(anonymous_22)
FNDA:0,(anonymous_23)
FNDA:0,(anonymous_24)
FNDA:0,(anonymous_25)
FNDA:0,(anonymous_26)
FNDA:0,(anonymous_27)
DA:3,0
DA:4,0
DA:27,0
DA:28,0
DA:29,0
DA:30,0
DA:31,0
DA:32,0
DA:33,0
DA:34,0
DA:35,0
DA:68,0
DA:69,0
DA:70,0
DA:71,0
DA:72,0
DA:73,0
DA:74,0
DA:76,0
DA:77,0
DA:78,0
DA:79,0
DA:80,0
DA:82,0
DA:87,0
DA:89,0
DA:93,0
DA:94,0
DA:98,0
DA:99,0
DA:102,0
DA:103,0
DA:109,0
DA:110,0
DA:116,0
DA:127,0
DA:128,0
DA:131,0
DA:142,0
DA:143,0
DA:153,0
DA:154,0
DA:155,0
DA:156,0
DA:157,0
DA:158,0
DA:159,0
DA:163,0
DA:164,0
DA:165,0
DA:166,0
DA:167,0
DA:168,0
DA:169,0
DA:173,0
DA:179,0
DA:180,0
DA:181,0
DA:182,0
DA:184,0
DA:187,0
DA:188,0
DA:189,0
DA:191,0
DA:192,0
DA:193,0
DA:194,0
DA:195,0
DA:197,0
DA:200,0
DA:201,0
DA:309,0
DA:310,0
DA:311,0
DA:335,0
DA:336,0
DA:337,0
DA:338,0
DA:340,0
DA:380,0
DA:382,0
DA:412,0
DA:413,0
DA:415,0
DA:435,0
DA:543,0
LF:86
LH:0
BRDA:84,0,0,0
BRDA:84,0,1,0
BRDA:93,1,0,0
BRDA:116,2,0,0
BRDA:127,3,0,0
BRDA:154,4,0,0
BRDA:154,4,1,0
BRDA:154,4,2,0
BRDA:154,4,3,0
BRDA:154,4,4,0
BRDA:164,5,0,0
BRDA:164,5,1,0
BRDA:164,5,2,0
BRDA:164,5,3,0
BRDA:164,5,4,0
BRDA:214,6,0,0
BRDA:246,7,0,0
BRDA:246,7,1,0
BRDA:252,8,0,0
BRDA:257,9,0,0
BRDA:315,10,0,0
BRDA:348,11,0,0
BRDA:354,12,0,0
BRDA:369,13,0,0
BRDA:429,14,0,0
BRDA:483,15,0,0
BRDA:489,16,0,0
BRDA:516,17,0,0
BRDA:524,18,0,0
BRDA:532,19,0,0
BRF:30
BRH:0
end_of_record
TN:
SF:src/app/(dashboard)/analysis-frameworks/dotmlpf/create/page.tsx
FN:49,DOTMLPFCreatePage
FN:71,(anonymous_2)
FN:89,(anonymous_3)
FN:90,(anonymous_4)
FN:95,(anonymous_5)
FN:96,(anonymous_6)
FN:99,(anonymous_7)
FN:100,(anonymous_8)
FN:105,(anonymous_9)
FN:157,(anonymous_10)
FN:160,(anonymous_11)
FN:161,(anonymous_12)
FN:165,(anonymous_13)
FN:198,(anonymous_14)
FN:209,(anonymous_15)
FN:221,(anonymous_16)
FN:233,(anonymous_17)
FN:273,(anonymous_18)
FN:293,(anonymous_19)
FN:310,(anonymous_20)
FN:325,(anonymous_21)
FN:339,(anonymous_22)
FN:346,(anonymous_23)
FN:357,(anonymous_24)
FN:367,(anonymous_25)
FN:400,(anonymous_26)
FN:411,(anonymous_27)
FN:422,(anonymous_28)
FN:434,(anonymous_29)
FN:452,(anonymous_30)
FN:470,(anonymous_31)
FN:481,(anonymous_32)
FN:502,(anonymous_33)
FN:509,(anonymous_34)
FN:515,(anonymous_35)
FNF:35
FNH:0
FNDA:0,DOTMLPFCreatePage
FNDA:0,(anonymous_2)
FNDA:0,(anonymous_3)
FNDA:0,(anonymous_4)
FNDA:0,(anonymous_5)
FNDA:0,(anonymous_6)
FNDA:0,(anonymous_7)
FNDA:0,(anonymous_8)
FNDA:0,(anonymous_9)
FNDA:0,(anonymous_10)
FNDA:0,(anonymous_11)
FNDA:0,(anonymous_12)
FNDA:0,(anonymous_13)
FNDA:0,(anonymous_14)
FNDA:0,(anonymous_15)
FNDA:0,(anonymous_16)
FNDA:0,(anonymous_17)
FNDA:0,(anonymous_18)
FNDA:0,(anonymous_19)
FNDA:0,(anonymous_20)
FNDA:0,(anonymous_21)
FNDA:0,(anonymous_22)
FNDA:0,(anonymous_23)
FNDA:0,(anonymous_24)
FNDA:0,(anonymous_25)
FNDA:0,(anonymous_26)
FNDA:0,(anonymous_27)
FNDA:0,(anonymous_28)
FNDA:0,(anonymous_29)
FNDA:0,(anonymous_30)
FNDA:0,(anonymous_31)
FNDA:0,(anonymous_32)
FNDA:0,(anonymous_33)
FNDA:0,(anonymous_34)
FNDA:0,(anonymous_35)
DA:3,0
DA:4,0
DA:22,0
DA:23,0
DA:24,0
DA:25,0
DA:26,0
DA:27,0
DA:28,0
DA:29,0
DA:30,0
DA:31,0
DA:32,0
DA:49,0
DA:50,0
DA:51,0
DA:52,0
DA:53,0
DA:54,0
DA:55,0
DA:56,0
DA:57,0
DA:58,0
DA:60,0
DA:71,0
DA:72,0
DA:86,0
DA:89,0
DA:90,0
DA:91,0
DA:95,0
DA:96,0
DA:99,0
DA:100,0
DA:105,0
DA:106,0
DA:107,0
DA:112,0
DA:115,0
DA:116,0
DA:121,0
DA:124,0
DA:125,0
DA:126,0
DA:138,0
DA:140,0
DA:145,0
DA:147,0
DA:153,0
DA:157,0
DA:158,0
DA:160,0
DA:161,0
DA:165,0
DA:166,0
DA:169,0
DA:172,0
DA:198,0
DA:209,0
DA:221,0
DA:233,0
DA:273,0
DA:294,0
DA:295,0
DA:296,0
DA:311,0
DA:312,0
DA:314,0
DA:325,0
DA:340,0
DA:346,0
DA:357,0
DA:367,0
DA:400,0
DA:411,0
DA:422,0
DA:434,0
DA:452,0
DA:470,0
DA:481,0
DA:502,0
DA:509,0
DA:515,0
LF:83
LH:0
BRDA:91,0,0,0
BRDA:91,0,1,0
BRDA:105,1,0,0
BRDA:106,2,0,0
BRDA:115,3,0,0
BRDA:149,4,0,0
BRDA:149,4,1,0
BRDA:243,5,0,0
BRDA:300,6,0,0
BRDA:334,7,0,0
BRF:10
BRH:0
end_of_record
TN:
SF:src/app/(dashboard)/analysis-frameworks/fundamental-flow/page.tsx
FN:26,FundamentalFlowPage
FN:32,(anonymous_3)
FN:36,(anonymous_4)
FN:61,(anonymous_5)
FN:91,(anonymous_6)
FN:147,(anonymous_7)
FN:157,(anonymous_8)
FN:197,(anonymous_9)
FNF:8
FNH:0
FNDA:0,FundamentalFlowPage
FNDA:0,(anonymous_3)
FNDA:0,(anonymous_4)
FNDA:0,(anonymous_5)
FNDA:0,(anonymous_6)
FNDA:0,(anonymous_7)
FNDA:0,(anonymous_8)
FNDA:0,(anonymous_9)
DA:3,0
DA:4,0
DA:5,0
DA:6,0
DA:7,0
DA:8,0
DA:9,0
DA:10,0
DA:11,0
DA:26,0
DA:27,0
DA:28,0
DA:29,0
DA:30,0
DA:32,0
DA:33,0
DA:36,0
DA:37,0
DA:38,0
DA:39,0
DA:41,0
DA:47,0
DA:51,0
DA:62,0
DA:91,0
DA:147,0
DA:158,0
DA:197,0
LF:28
LH:0
BRDA:39,0,0,0
BRDA:39,0,1,0
BRDA:51,1,0,0
BRDA:139,2,0,0
BRDA:174,3,0,0
BRDA:184,4,0,0
BRDA:184,4,1,0
BRDA:188,5,0,0
BRDA:188,5,1,0
BRDA:195,6,0,0
BRDA:195,6,1,0
BRF:11
BRH:0
end_of_record
TN:
SF:src/app/(dashboard)/analysis-frameworks/fundamental-flow/[id]/page.tsx
FN:44,FundamentalFlowViewPage
FN:51,(anonymous_2)
FN:57,(anonymous_3)
FN:73,(anonymous_4)
FN:84,(anonymous_5)
FN:97,(anonymous_6)
FN:118,(anonymous_7)
FN:144,(anonymous_8)
FN:161,(anonymous_9)
FN:214,(anonymous_10)
FN:220,(anonymous_11)
FN:226,(anonymous_12)
FN:258,(anonymous_13)
FN:259,(anonymous_14)
FN:301,(anonymous_15)
FN:326,Label
FNF:16
FNH:0
FNDA:0,FundamentalFlowViewPage
FNDA:0,(anonymous_2)
FNDA:0,(anonymous_3)
FNDA:0,(anonymous_4)
FNDA:0,(anonymous_5)
FNDA:0,(anonymous_6)
FNDA:0,(anonymous_7)
FNDA:0,(anonymous_8)
FNDA:0,(anonymous_9)
FNDA:0,(anonymous_10)
FNDA:0,(anonymous_11)
FNDA:0,(anonymous_12)
FNDA:0,(anonymous_13)
FNDA:0,(anonymous_14)
FNDA:0,(anonymous_15)
FNDA:0,Label
DA:3,0
DA:4,0
DA:5,0
DA:6,0
DA:7,0
DA:8,0
DA:9,0
DA:10,0
DA:44,0
DA:45,0
DA:46,0
DA:47,0
DA:48,0
DA:49,0
DA:51,0
DA:52,0
DA:53,0
DA:57,0
DA:58,0
DA:59,0
DA:60,0
DA:62,0
DA:67,0
DA:69,0
DA:73,0
DA:74,0
DA:75,0
DA:76,0
DA:77,0
DA:78,0
DA:79,0
DA:80,0
DA:84,0
DA:85,0
DA:86,0
DA:87,0
DA:88,0
DA:89,0
DA:93,0
DA:97,0
DA:114,0
DA:118,0
DA:136,0
DA:137,0
DA:144,0
DA:161,0
DA:214,0
DA:220,0
DA:226,0
DA:258,0
DA:260,0
DA:302,0
LF:52
LH:0
BRDA:52,0,0,0
BRDA:74,1,0,0
BRDA:74,1,1,0
BRDA:74,1,2,0
BRDA:74,1,3,0
BRDA:74,1,4,0
BRDA:74,1,5,0
BRDA:85,2,0,0
BRDA:85,2,1,0
BRDA:85,2,2,0
BRDA:85,2,3,0
BRDA:93,3,0,0
BRDA:114,4,0,0
BRDA:136,5,0,0
BRDA:136,5,1,0
BRDA:137,6,0,0
BRDA:137,6,1,0
BRDA:182,7,0,0
BRDA:189,8,0,0
BRDA:251,9,0,0
BRDA:258,10,0,0
BRDA:258,10,1,0
BRDA:295,11,0,0
BRDA:328,12,0,0
BRDA:328,12,1,0
BRF:25
BRH:0
end_of_record
TN:
SF:src/app/(dashboard)/analysis-frameworks/fundamental-flow/create/page.tsx
FN:33,CreateFundamentalFlowPage
FN:44,(anonymous_2)
FN:53,(anonymous_3)
FN:56,(anonymous_4)
FN:57,(anonymous_5)
FN:57,(anonymous_6)
FN:62,(anonymous_7)
FN:63,(anonymous_8)
FN:63,(anonymous_9)
FN:65,(anonymous_10)
FN:65,(anonymous_11)
FN:67,(anonymous_12)
FN:71,(anonymous_13)
FN:80,(anonymous_14)
FN:83,(anonymous_15)
FN:84,(anonymous_16)
FN:84,(anonymous_17)
FN:89,(anonymous_18)
FN:90,(anonymous_19)
FN:90,(anonymous_20)
FN:93,(anonymous_21)
FN:121,(anonymous_22)
FN:122,(anonymous_23)
FN:145,(anonymous_24)
FN:156,(anonymous_25)
FN:205,(anonymous_26)
FN:215,(anonymous_27)
FN:227,(anonymous_28)
FN:238,(anonymous_29)
FN:266,(anonymous_30)
FN:278,(anonymous_31)
FN:290,(anonymous_32)
FN:307,(anonymous_33)
FN:317,(anonymous_34)
FN:327,(anonymous_35)
FN:366,(anonymous_36)
FN:375,(anonymous_37)
FN:387,(anonymous_38)
FN:396,(anonymous_39)
FN:410,(anonymous_40)
FN:424,(anonymous_41)
FN:464,(anonymous_42)
FN:470,(anonymous_43)
FNF:43
FNH:0
FNDA:0,CreateFundamentalFlowPage
FNDA:0,(anonymous_2)
FNDA:0,(anonymous_3)
FNDA:0,(anonymous_4)
FNDA:0,(anonymous_5)
FNDA:0,(anonymous_6)
FNDA:0,(anonymous_7)
FNDA:0,(anonymous_8)
FNDA:0,(anonymous_9)
FNDA:0,(anonymous_10)
FNDA:0,(anonymous_11)
FNDA:0,(anonymous_12)
FNDA:0,(anonymous_13)
FNDA:0,(anonymous_14)
FNDA:0,(anonymous_15)
FNDA:0,(anonymous_16)
FNDA:0,(anonymous_17)
FNDA:0,(anonymous_18)
FNDA:0,(anonymous_19)
FNDA:0,(anonymous_20)
FNDA:0,(anonymous_21)
FNDA:0,(anonymous_22)
FNDA:0,(anonymous_23)
FNDA:0,(anonymous_24)
FNDA:0,(anonymous_25)
FNDA:0,(anonymous_26)
FNDA:0,(anonymous_27)
FNDA:0,(anonymous_28)
FNDA:0,(anonymous_29)
FNDA:0,(anonymous_30)
FNDA:0,(anonymous_31)
FNDA:0,(anonymous_32)
FNDA:0,(anonymous_33)
FNDA:0,(anonymous_34)
FNDA:0,(anonymous_35)
FNDA:0,(anonymous_36)
FNDA:0,(anonymous_37)
FNDA:0,(anonymous_38)
FNDA:0,(anonymous_39)
FNDA:0,(anonymous_40)
FNDA:0,(anonymous_41)
FNDA:0,(anonymous_42)
FNDA:0,(anonymous_43)
DA:3,0
DA:4,0
DA:5,0
DA:6,0
DA:7,0
DA:8,0
DA:9,0
DA:10,0
DA:11,0
DA:12,0
DA:13,0
DA:33,0
DA:34,0
DA:35,0
DA:36,0
DA:37,0
DA:38,0
DA:39,0
DA:40,0
DA:41,0
DA:42,0
DA:44,0
DA:45,0
DA:53,0
DA:56,0
DA:57,0
DA:58,0
DA:62,0
DA:63,0
DA:65,0
DA:67,0
DA:71,0
DA:72,0
DA:80,0
DA:83,0
DA:84,0
DA:85,0
DA:89,0
DA:90,0
DA:93,0
DA:94,0
DA:95,0
DA:100,0
DA:103,0
DA:104,0
DA:109,0
DA:112,0
DA:113,0
DA:114,0
DA:121,0
DA:122,0
DA:126,0
DA:128,0
DA:133,0
DA:135,0
DA:141,0
DA:145,0
DA:146,0
DA:147,0
DA:148,0
DA:149,0
DA:150,0
DA:151,0
DA:152,0
DA:156,0
DA:157,0
DA:158,0
DA:159,0
DA:160,0
DA:161,0
DA:205,0
DA:215,0
DA:227,0
DA:238,0
DA:267,0
DA:278,0
DA:290,0
DA:307,0
DA:317,0
DA:327,0
DA:367,0
DA:375,0
DA:387,0
DA:396,0
DA:410,0
DA:424,0
DA:464,0
DA:470,0
LF:88
LH:0
BRDA:58,0,0,0
BRDA:58,0,1,0
BRDA:85,1,0,0
BRDA:85,1,1,0
BRDA:94,2,0,0
BRDA:103,3,0,0
BRDA:119,4,0,0
BRDA:119,4,1,0
BRDA:120,5,0,0
BRDA:120,5,1,0
BRDA:137,6,0,0
BRDA:137,6,1,0
BRDA:146,7,0,0
BRDA:146,7,1,0
BRDA:146,7,2,0
BRDA:146,7,3,0
BRDA:146,7,4,0
BRDA:146,7,5,0
BRDA:157,8,0,0
BRDA:157,8,1,0
BRDA:157,8,2,0
BRDA:157,8,3,0
BRDA:187,9,0,0
BRDA:187,9,1,0
BRDA:336,10,0,0
BRDA:431,11,0,0
BRDA:444,12,0,0
BRDA:444,12,1,0
BRF:28
BRH:0
end_of_record
TN:
SF:src/app/(dashboard)/analysis-frameworks/pest/page.tsx
FN:20,PESTListPage
FN:23,(anonymous_3)
FN:28,(anonymous_4)
FN:37,(anonymous_5)
FN:65,(anonymous_6)
FN:72,(anonymous_7)
FNF:6
FNH:0
FNDA:0,PESTListPage
FNDA:0,(anonymous_3)
FNDA:0,(anonymous_4)
FNDA:0,(anonymous_5)
FNDA:0,(anonymous_6)
FNDA:0,(anonymous_7)
DA:3,0
DA:4,0
DA:5,0
DA:7,0
DA:8,0
DA:9,0
DA:15,0
DA:18,0
DA:20,0
DA:21,0
DA:23,0
DA:24,0
DA:28,0
DA:29,0
DA:30,0
DA:31,0
DA:32,0
DA:33,0
DA:37,0
DA:38,0
DA:39,0
DA:40,0
DA:65,0
DA:73,0
LF:24
LH:0
BRDA:24,0,0,0
BRDA:24,0,1,0
BRDA:29,1,0,0
BRDA:29,1,1,0
BRDA:29,1,2,0
BRDA:29,1,3,0
BRDA:38,2,0,0
BRDA:39,3,0,0
BRDA:145,4,0,0
BRDA:151,5,0,0
BRDA:151,5,1,0
BRDA:153,6,0,0
BRF:12
BRH:0
end_of_record
TN:
SF:src/app/(dashboard)/analysis-frameworks/pest/[id]/page.tsx
FN:57,PESTViewPage
FN:64,(anonymous_2)
FN:65,(anonymous_3)
FN:86,(anonymous_4)
FN:90,(anonymous_5)
FN:97,(anonymous_6)
FN:119,(anonymous_7)
FN:134,(anonymous_8)
FN:149,(anonymous_9)
FN:160,(anonymous_10)
FN:179,(anonymous_11)
FN:186,(anonymous_12)
FN:192,(anonymous_13)
FN:193,(anonymous_14)
FN:194,(anonymous_15)
FN:195,(anonymous_16)
FN:196,(anonymous_17)
FN:281,(anonymous_18)
FN:317,(anonymous_19)
FN:338,(anonymous_20)
FN:392,(anonymous_21)
FN:396,(anonymous_22)
FN:400,(anonymous_23)
FN:404,(anonymous_24)
FN:411,(anonymous_25)
FNF:25
FNH:0
FNDA:0,PESTViewPage
FNDA:0,(anonymous_2)
FNDA:0,(anonymous_3)
FNDA:0,(anonymous_4)
FNDA:0,(anonymous_5)
FNDA:0,(anonymous_6)
FNDA:0,(anonymous_7)
FNDA:0,(anonymous_8)
FNDA:0,(anonymous_9)
FNDA:0,(anonymous_10)
FNDA:0,(anonymous_11)
FNDA:0,(anonymous_12)
FNDA:0,(anonymous_13)
FNDA:0,(anonymous_14)
FNDA:0,(anonymous_15)
FNDA:0,(anonymous_16)
FNDA:0,(anonymous_17)
FNDA:0,(anonymous_18)
FNDA:0,(anonymous_19)
FNDA:0,(anonymous_20)
FNDA:0,(anonymous_21)
FNDA:0,(anonymous_22)
FNDA:0,(anonymous_23)
FNDA:0,(anonymous_24)
FNDA:0,(anonymous_25)
DA:3,0
DA:4,0
DA:20,0
DA:21,0
DA:22,0
DA:23,0
DA:24,0
DA:25,0
DA:26,0
DA:27,0
DA:57,0
DA:58,0
DA:59,0
DA:60,0
DA:61,0
DA:62,0
DA:64,0
DA:65,0
DA:66,0
DA:67,0
DA:68,0
DA:70,0
DA:75,0
DA:77,0
DA:81,0
DA:82,0
DA:86,0
DA:87,0
DA:90,0
DA:91,0
DA:97,0
DA:98,0
DA:104,0
DA:115,0
DA:116,0
DA:119,0
DA:120,0
DA:134,0
DA:135,0
DA:137,0
DA:139,0
DA:141,0
DA:143,0
DA:145,0
DA:149,0
DA:150,0
DA:160,0
DA:161,0
DA:163,0
DA:165,0
DA:167,0
DA:169,0
DA:173,0
DA:179,0
DA:180,0
DA:186,0
DA:187,0
DA:189,0
DA:192,0
DA:193,0
DA:194,0
DA:195,0
DA:196,0
DA:197,0
DA:200,0
DA:201,0
DA:282,0
DA:283,0
DA:287,0
DA:318,0
DA:319,0
DA:321,0
DA:339,0
DA:392,0
DA:396,0
DA:400,0
DA:404,0
DA:411,0
LF:78
LH:0
BRDA:72,0,0,0
BRDA:72,0,1,0
BRDA:81,1,0,0
BRDA:104,2,0,0
BRDA:115,3,0,0
BRDA:135,4,0,0
BRDA:135,4,1,0
BRDA:135,4,2,0
BRDA:135,4,3,0
BRDA:135,4,4,0
BRDA:161,5,0,0
BRDA:161,5,1,0
BRDA:161,5,2,0
BRDA:161,5,3,0
BRDA:214,6,0,0
BRDA:246,7,0,0
BRDA:246,7,1,0
BRDA:246,7,2,0
BRDA:252,8,0,0
BRDA:257,9,0,0
BRDA:262,10,0,0
BRDA:283,11,0,0
BRDA:283,11,1,0
BRDA:319,12,0,0
BRDA:330,13,0,0
BRDA:330,13,1,0
BRDA:331,14,0,0
BRDA:331,14,1,0
BRDA:332,15,0,0
BRDA:332,15,1,0
BRDA:333,16,0,0
BRDA:333,16,1,0
BRDA:369,17,0,0
BRDA:392,18,0,0
BRDA:392,19,0,0
BRDA:392,19,1,0
BRDA:396,20,0,0
BRDA:396,20,1,0
BRDA:400,21,0,0
BRDA:400,22,0,0
BRDA:400,22,1,0
BRDA:404,23,0,0
BRDA:404,23,1,0
BRF:43
BRH:0
end_of_record
TN:
SF:src/app/(dashboard)/analysis-frameworks/pest/create/page.tsx
FN:25,CreatePESTPage
FN:39,(anonymous_2)
FN:44,(anonymous_3)
FN:50,(anonymous_4)
FN:51,(anonymous_5)
FN:53,(anonymous_6)
FN:59,(anonymous_7)
FN:60,(anonymous_8)
FN:62,(anonymous_9)
FN:66,(anonymous_10)
FN:83,(anonymous_11)
FN:84,(anonymous_12)
FN:85,(anonymous_13)
FN:86,(anonymous_14)
FN:182,(anonymous_15)
FN:191,(anonymous_16)
FN:202,(anonymous_17)
FN:214,(anonymous_18)
FN:218,(anonymous_19)
FN:226,(anonymous_20)
FN:236,(anonymous_21)
FNF:21
FNH:0
FNDA:0,CreatePESTPage
FNDA:0,(anonymous_2)
FNDA:0,(anonymous_3)
FNDA:0,(anonymous_4)
FNDA:0,(anonymous_5)
FNDA:0,(anonymous_6)
FNDA:0,(anonymous_7)
FNDA:0,(anonymous_8)
FNDA:0,(anonymous_9)
FNDA:0,(anonymous_10)
FNDA:0,(anonymous_11)
FNDA:0,(anonymous_12)
FNDA:0,(anonymous_13)
FNDA:0,(anonymous_14)
FNDA:0,(anonymous_15)
FNDA:0,(anonymous_16)
FNDA:0,(anonymous_17)
FNDA:0,(anonymous_18)
FNDA:0,(anonymous_19)
FNDA:0,(anonymous_20)
FNDA:0,(anonymous_21)
DA:3,0
DA:4,0
DA:5,0
DA:6,0
DA:7,0
DA:8,0
DA:9,0
DA:10,0
DA:11,0
DA:25,0
DA:26,0
DA:27,0
DA:28,0
DA:29,0
DA:30,0
DA:32,0
DA:39,0
DA:40,0
DA:44,0
DA:50,0
DA:51,0
DA:54,0
DA:59,0
DA:60,0
DA:62,0
DA:66,0
DA:67,0
DA:68,0
DA:73,0
DA:76,0
DA:77,0
DA:78,0
DA:83,0
DA:84,0
DA:85,0
DA:86,0
DA:91,0
DA:93,0
DA:98,0
DA:100,0
DA:106,0
DA:110,0
DA:182,0
DA:191,0
DA:203,0
DA:215,0
DA:218,0
DA:226,0
DA:236,0
LF:49
LH:0
BRDA:54,0,0,0
BRDA:54,0,1,0
BRDA:67,1,0,0
BRDA:102,2,0,0
BRDA:102,2,1,0
BRDA:165,3,0,0
BRDA:165,3,1,0
BRF:7
BRH:0
end_of_record
TN:
SF:src/app/(dashboard)/analysis-frameworks/pmesii-pt/page.tsx
FN:20,PMESIIPTListPage
FN:23,(anonymous_3)
FN:28,(anonymous_4)
FN:37,(anonymous_5)
FN:65,(anonymous_6)
FN:72,(anonymous_7)
FNF:6
FNH:0
FNDA:0,PMESIIPTListPage
FNDA:0,(anonymous_3)
FNDA:0,(anonymous_4)
FNDA:0,(anonymous_5)
FNDA:0,(anonymous_6)
FNDA:0,(anonymous_7)
DA:3,0
DA:4,0
DA:5,0
DA:7,0
DA:8,0
DA:9,0
DA:15,0
DA:18,0
DA:20,0
DA:21,0
DA:23,0
DA:24,0
DA:28,0
DA:29,0
DA:30,0
DA:31,0
DA:32,0
DA:33,0
DA:37,0
DA:38,0
DA:39,0
DA:40,0
DA:65,0
DA:73,0
LF:24
LH:0
BRDA:24,0,0,0
BRDA:24,0,1,0
BRDA:29,1,0,0
BRDA:29,1,1,0
BRDA:29,1,2,0
BRDA:29,1,3,0
BRDA:38,2,0,0
BRDA:39,3,0,0
BRDA:134,4,0,0
BRDA:140,5,0,0
BRDA:140,5,1,0
BRDA:142,6,0,0
BRF:12
BRH:0
end_of_record
TN:
SF:src/app/(dashboard)/analysis-frameworks/pmesii-pt/[id]/page.tsx
FN:64,PMESIIPTViewPage
FN:74,(anonymous_2)
FN:75,(anonymous_3)
FN:96,(anonymous_4)
FN:100,(anonymous_5)
FN:121,(anonymous_6)
FN:126,(anonymous_7)
FN:156,(anonymous_8)
FN:157,(anonymous_9)
FN:158,(anonymous_10)
FN:165,(anonymous_11)
FN:167,(anonymous_12)
FN:168,(anonymous_13)
FN:176,(anonymous_14)
FN:195,(anonymous_15)
FN:196,(anonymous_16)
FN:204,(anonymous_17)
FN:206,(anonymous_18)
FN:209,(anonymous_19)
FN:221,(anonymous_20)
FN:237,(anonymous_21)
FN:340,(anonymous_22)
FN:402,(anonymous_23)
FN:406,(anonymous_24)
FN:410,(anonymous_25)
FN:414,(anonymous_26)
FN:469,(anonymous_27)
FN:491,(anonymous_28)
FN:506,(anonymous_29)
FN:521,(anonymous_30)
FN:550,(anonymous_31)
FN:560,(anonymous_32)
FN:570,(anonymous_33)
FN:584,(anonymous_34)
FNF:34
FNH:0
FNDA:0,PMESIIPTViewPage
FNDA:0,(anonymous_2)
FNDA:0,(anonymous_3)
FNDA:0,(anonymous_4)
FNDA:0,(anonymous_5)
FNDA:0,(anonymous_6)
FNDA:0,(anonymous_7)
FNDA:0,(anonymous_8)
FNDA:0,(anonymous_9)
FNDA:0,(anonymous_10)
FNDA:0,(anonymous_11)
FNDA:0,(anonymous_12)
FNDA:0,(anonymous_13)
FNDA:0,(anonymous_14)
FNDA:0,(anonymous_15)
FNDA:0,(anonymous_16)
FNDA:0,(anonymous_17)
FNDA:0,(anonymous_18)
FNDA:0,(anonymous_19)
FNDA:0,(anonymous_20)
FNDA:0,(anonymous_21)
FNDA:0,(anonymous_22)
FNDA:0,(anonymous_23)
FNDA:0,(anonymous_24)
FNDA:0,(anonymous_25)
FNDA:0,(anonymous_26)
FNDA:0,(anonymous_27)
FNDA:0,(anonymous_28)
FNDA:0,(anonymous_29)
FNDA:0,(anonymous_30)
FNDA:0,(anonymous_31)
FNDA:0,(anonymous_32)
FNDA:0,(anonymous_33)
FNDA:0,(anonymous_34)
DA:3,0
DA:4,0
DA:26,0
DA:27,0
DA:28,0
DA:29,0
DA:37,0
DA:38,0
DA:39,0
DA:40,0
DA:41,0
DA:64,0
DA:65,0
DA:66,0
DA:67,0
DA:68,0
DA:69,0
DA:70,0
DA:71,0
DA:72,0
DA:74,0
DA:75,0
DA:76,0
DA:77,0
DA:78,0
DA:80,0
DA:85,0
DA:87,0
DA:91,0
DA:92,0
DA:96,0
DA:97,0
DA:100,0
DA:101,0
DA:102,0
DA:108,0
DA:113,0
DA:121,0
DA:122,0
DA:124,0
DA:126,0
DA:129,0
DA:138,0
DA:139,0
DA:141,0
DA:146,0
DA:152,0
DA:156,0
DA:157,0
DA:158,0
DA:160,0
DA:161,0
DA:162,0
DA:165,0
DA:166,0
DA:167,0
DA:168,0
DA:176,0
DA:177,0
DA:179,0
DA:180,0
DA:182,0
DA:183,0
DA:185,0
DA:186,0
DA:188,0
DA:189,0
DA:192,0
DA:195,0
DA:196,0
DA:197,0
DA:199,0
DA:200,0
DA:201,0
DA:204,0
DA:205,0
DA:206,0
DA:208,0
DA:209,0
DA:211,0
DA:212,0
DA:214,0
DA:215,0
DA:218,0
DA:221,0
DA:222,0
DA:224,0
DA:225,0
DA:227,0
DA:228,0
DA:230,0
DA:231,0
DA:234,0
DA:237,0
DA:238,0
DA:244,0
DA:255,0
DA:256,0
DA:259,0
DA:334,0
DA:340,0
DA:402,0
DA:406,0
DA:410,0
DA:414,0
DA:470,0
DA:492,0
DA:507,0
DA:522,0
DA:550,0
DA:560,0
DA:571,0
DA:585,0
LF:113
LH:0
BRDA:82,0,0,0
BRDA:82,0,1,0
BRDA:91,1,0,0
BRDA:115,2,0,0
BRDA:115,2,1,0
BRDA:148,3,0,0
BRDA:148,3,1,0
BRDA:160,4,0,0
BRDA:160,5,0,0
BRDA:160,5,1,0
BRDA:161,6,0,0
BRDA:161,7,0,0
BRDA:161,7,1,0
BRDA:171,8,0,0
BRDA:171,8,1,0
BRDA:179,9,0,0
BRDA:179,10,0,0
BRDA:179,10,1,0
BRDA:182,11,0,0
BRDA:182,12,0,0
BRDA:182,12,1,0
BRDA:185,13,0,0
BRDA:185,14,0,0
BRDA:185,14,1,0
BRDA:188,15,0,0
BRDA:188,16,0,0
BRDA:188,16,1,0
BRDA:199,17,0,0
BRDA:200,18,0,0
BRDA:208,19,0,0
BRDA:211,20,0,0
BRDA:214,21,0,0
BRDA:224,22,0,0
BRDA:227,23,0,0
BRDA:230,24,0,0
BRDA:244,25,0,0
BRDA:255,26,0,0
BRDA:353,27,0,0
BRDA:375,28,0,0
BRDA:428,29,0,0
BRDA:428,29,1,0
BRDA:444,30,0,0
BRDA:444,30,1,0
BRDA:445,31,0,0
BRDA:445,31,1,0
BRDA:446,32,0,0
BRDA:446,32,1,0
BRDA:456,33,0,0
BRDA:456,33,1,0
BRDA:457,34,0,0
BRDA:457,34,1,0
BRDA:458,35,0,0
BRDA:458,35,1,0
BRDA:465,36,0,0
BRDA:487,37,0,0
BRDA:502,38,0,0
BRDA:517,39,0,0
BRDA:583,40,0,0
BRF:58
BRH:0
end_of_record
TN:
SF:src/app/(dashboard)/analysis-frameworks/pmesii-pt/create/page.tsx
FN:29,CreatePMESIIPTPage
FN:47,(anonymous_2)
FN:52,(anonymous_3)
FN:58,(anonymous_4)
FN:59,(anonymous_5)
FN:61,(anonymous_6)
FN:67,(anonymous_7)
FN:68,(anonymous_8)
FN:70,(anonymous_9)
FN:74,(anonymous_10)
FN:91,(anonymous_11)
FN:92,(anonymous_12)
FN:93,(anonymous_13)
FN:94,(anonymous_14)
FN:95,(anonymous_15)
FN:96,(anonymous_16)
FN:97,(anonymous_17)
FN:98,(anonymous_18)
FN:230,(anonymous_19)
FN:239,(anonymous_20)
FN:250,(anonymous_21)
FN:262,(anonymous_22)
FN:266,(anonymous_23)
FN:274,(anonymous_24)
FN:284,(anonymous_25)
FNF:25
FNH:0
FNDA:0,CreatePMESIIPTPage
FNDA:0,(anonymous_2)
FNDA:0,(anonymous_3)
FNDA:0,(anonymous_4)
FNDA:0,(anonymous_5)
FNDA:0,(anonymous_6)
FNDA:0,(anonymous_7)
FNDA:0,(anonymous_8)
FNDA:0,(anonymous_9)
FNDA:0,(anonymous_10)
FNDA:0,(anonymous_11)
FNDA:0,(anonymous_12)
FNDA:0,(anonymous_13)
FNDA:0,(anonymous_14)
FNDA:0,(anonymous_15)
FNDA:0,(anonymous_16)
FNDA:0,(anonymous_17)
FNDA:0,(anonymous_18)
FNDA:0,(anonymous_19)
FNDA:0,(anonymous_20)
FNDA:0,(anonymous_21)
FNDA:0,(anonymous_22)
FNDA:0,(anonymous_23)
FNDA:0,(anonymous_24)
FNDA:0,(anonymous_25)
DA:3,0
DA:4,0
DA:5,0
DA:6,0
DA:7,0
DA:8,0
DA:9,0
DA:10,0
DA:11,0
DA:29,0
DA:30,0
DA:31,0
DA:32,0
DA:33,0
DA:34,0
DA:36,0
DA:47,0
DA:48,0
DA:52,0
DA:58,0
DA:59,0
DA:62,0
DA:67,0
DA:68,0
DA:70,0
DA:74,0
DA:75,0
DA:76,0
DA:81,0
DA:84,0
DA:85,0
DA:86,0
DA:91,0
DA:92,0
DA:93,0
DA:94,0
DA:95,0
DA:96,0
DA:97,0
DA:98,0
DA:103,0
DA:105,0
DA:110,0
DA:112,0
DA:118,0
DA:122,0
DA:230,0
DA:239,0
DA:251,0
DA:263,0
DA:266,0
DA:274,0
DA:284,0
LF:53
LH:0
BRDA:62,0,0,0
BRDA:62,0,1,0
BRDA:75,1,0,0
BRDA:114,2,0,0
BRDA:114,2,1,0
BRDA:213,3,0,0
BRDA:213,3,1,0
BRF:7
BRH:0
end_of_record
TN:
SF:src/app/(dashboard)/analysis-frameworks/stakeholder/page.tsx
FN:20,StakeholderAnalysisPage
FN:23,(anonymous_3)
FN:28,(anonymous_4)
FN:102,(anonymous_5)
FN:109,(anonymous_6)
FNF:5
FNH:0
FNDA:0,StakeholderAnalysisPage
FNDA:0,(anonymous_3)
FNDA:0,(anonymous_4)
FNDA:0,(anonymous_5)
FNDA:0,(anonymous_6)
DA:3,0
DA:4,0
DA:5,0
DA:7,0
DA:8,0
DA:9,0
DA:15,0
DA:18,0
DA:20,0
DA:21,0
DA:23,0
DA:24,0
DA:28,0
DA:29,0
DA:30,0
DA:31,0
DA:32,0
DA:33,0
DA:102,0
DA:110,0
LF:20
LH:0
BRDA:24,0,0,0
BRDA:24,0,1,0
BRDA:29,1,0,0
BRDA:29,1,1,0
BRDA:29,1,2,0
BRDA:29,1,3,0
BRDA:175,2,0,0
BRDA:181,3,0,0
BRDA:181,3,1,0
BRDA:183,4,0,0
BRF:10
BRH:0
end_of_record
TN:
SF:src/app/(dashboard)/analysis-frameworks/stakeholder/[id]/page.tsx
FN:56,StakeholderViewPage
FN:63,(anonymous_2)
FN:64,(anonymous_3)
FN:85,(anonymous_4)
FN:89,(anonymous_5)
FN:96,(anonymous_6)
FN:118,(anonymous_7)
FN:128,(anonymous_8)
FN:145,(anonymous_9)
FN:156,(anonymous_10)
FN:173,(anonymous_11)
FN:175,(anonymous_12)
FN:183,(anonymous_13)
FN:189,(anonymous_14)
FN:199,(anonymous_15)
FN:212,(anonymous_16)
FN:346,(anonymous_17)
FN:354,(anonymous_18)
FN:362,(anonymous_19)
FN:373,(anonymous_20)
FN:381,(anonymous_21)
FN:389,(anonymous_22)
FN:400,(anonymous_23)
FN:408,(anonymous_24)
FN:416,(anonymous_25)
FN:436,(anonymous_26)
FN:532,(anonymous_27)
FNF:27
FNH:0
FNDA:0,StakeholderViewPage
FNDA:0,(anonymous_2)
FNDA:0,(anonymous_3)
FNDA:0,(anonymous_4)
FNDA:0,(anonymous_5)
FNDA:0,(anonymous_6)
FNDA:0,(anonymous_7)
FNDA:0,(anonymous_8)
FNDA:0,(anonymous_9)
FNDA:0,(anonymous_10)
FNDA:0,(anonymous_11)
FNDA:0,(anonymous_12)
FNDA:0,(anonymous_13)
FNDA:0,(anonymous_14)
FNDA:0,(anonymous_15)
FNDA:0,(anonymous_16)
FNDA:0,(anonymous_17)
FNDA:0,(anonymous_18)
FNDA:0,(anonymous_19)
FNDA:0,(anonymous_20)
FNDA:0,(anonymous_21)
FNDA:0,(anonymous_22)
FNDA:0,(anonymous_23)
FNDA:0,(anonymous_24)
FNDA:0,(anonymous_25)
FNDA:0,(anonymous_26)
FNDA:0,(anonymous_27)
DA:3,0
DA:4,0
DA:20,0
DA:21,0
DA:22,0
DA:23,0
DA:24,0
DA:25,0
DA:26,0
DA:56,0
DA:57,0
DA:58,0
DA:59,0
DA:60,0
DA:61,0
DA:63,0
DA:64,0
DA:65,0
DA:66,0
DA:67,0
DA:69,0
DA:74,0
DA:76,0
DA:80,0
DA:81,0
DA:85,0
DA:86,0
DA:89,0
DA:90,0
DA:96,0
DA:97,0
DA:103,0
DA:114,0
DA:115,0
DA:118,0
DA:119,0
DA:120,0
DA:121,0
DA:122,0
DA:123,0
DA:124,0
DA:125,0
DA:128,0
DA:129,0
DA:131,0
DA:133,0
DA:135,0
DA:137,0
DA:139,0
DA:141,0
DA:145,0
DA:146,0
DA:156,0
DA:157,0
DA:167,0
DA:173,0
DA:174,0
DA:175,0
DA:176,0
DA:177,0
DA:178,0
DA:180,0
DA:183,0
DA:184,0
DA:189,0
DA:190,0
DA:192,0
DA:195,0
DA:196,0
DA:199,0
DA:200,0
DA:212,0
DA:213,0
DA:214,0
DA:217,0
DA:220,0
DA:347,0
DA:355,0
DA:363,0
DA:374,0
DA:382,0
DA:390,0
DA:401,0
DA:409,0
DA:417,0
DA:437,0
DA:438,0
DA:532,0
LF:88
LH:0
BRDA:71,0,0,0
BRDA:71,0,1,0
BRDA:80,1,0,0
BRDA:103,2,0,0
BRDA:114,3,0,0
BRDA:119,4,0,0
BRDA:119,5,0,0
BRDA:119,5,1,0
BRDA:120,6,0,0
BRDA:120,7,0,0
BRDA:120,7,1,0
BRDA:121,8,0,0
BRDA:121,9,0,0
BRDA:121,9,1,0
BRDA:122,10,0,0
BRDA:122,11,0,0
BRDA:122,11,1,0
BRDA:123,12,0,0
BRDA:123,13,0,0
BRDA:123,13,1,0
BRDA:124,14,0,0
BRDA:124,15,0,0
BRDA:124,15,1,0
BRDA:129,16,0,0
BRDA:129,16,1,0
BRDA:129,16,2,0
BRDA:129,16,3,0
BRDA:129,16,4,0
BRDA:129,16,5,0
BRDA:177,17,0,0
BRDA:233,18,0,0
BRDA:265,19,0,0
BRDA:265,19,1,0
BRDA:271,20,0,0
BRDA:276,21,0,0
BRDA:491,22,0,0
BRDA:498,23,0,0
BRDA:505,24,0,0
BRDA:528,25,0,0
BRDA:536,26,0,0
BRDA:544,27,0,0
BRF:41
BRH:0
end_of_record
TN:
SF:src/app/(dashboard)/analysis-frameworks/stakeholder/create/page.tsx
FN:27,CreateStakeholderAnalysisPage
FN:45,(anonymous_3)
FN:63,(anonymous_4)
FN:64,(anonymous_5)
FN:67,(anonymous_6)
FN:74,(anonymous_7)
FN:85,(anonymous_8)
FN:118,(anonymous_9)
FN:127,(anonymous_10)
FN:146,(anonymous_11)
FN:154,(anonymous_12)
FN:165,(anonymous_13)
FN:183,(anonymous_14)
FN:201,(anonymous_15)
FN:224,(anonymous_16)
FN:233,(anonymous_17)
FN:244,(anonymous_18)
FN:254,(anonymous_19)
FN:277,(anonymous_20)
FN:288,(anonymous_21)
FN:357,(anonymous_22)
FNF:21
FNH:0
FNDA:0,CreateStakeholderAnalysisPage
FNDA:0,(anonymous_3)
FNDA:0,(anonymous_4)
FNDA:0,(anonymous_5)
FNDA:0,(anonymous_6)
FNDA:0,(anonymous_7)
FNDA:0,(anonymous_8)
FNDA:0,(anonymous_9)
FNDA:0,(anonymous_10)
FNDA:0,(anonymous_11)
FNDA:0,(anonymous_12)
FNDA:0,(anonymous_13)
FNDA:0,(anonymous_14)
FNDA:0,(anonymous_15)
FNDA:0,(anonymous_16)
FNDA:0,(anonymous_17)
FNDA:0,(anonymous_18)
FNDA:0,(anonymous_19)
FNDA:0,(anonymous_20)
FNDA:0,(anonymous_21)
FNDA:0,(anonymous_22)
DA:3,0
DA:4,0
DA:5,0
DA:6,0
DA:8,0
DA:9,0
DA:10,0
DA:11,0
DA:12,0
DA:27,0
DA:28,0
DA:29,0
DA:30,0
DA:31,0
DA:32,0
DA:45,0
DA:46,0
DA:47,0
DA:48,0
DA:63,0
DA:64,0
DA:67,0
DA:68,0
DA:69,0
DA:70,0
DA:71,0
DA:74,0
DA:75,0
DA:76,0
DA:77,0
DA:78,0
DA:79,0
DA:80,0
DA:81,0
DA:85,0
DA:86,0
DA:88,0
DA:118,0
DA:127,0
DA:146,0
DA:154,0
DA:166,0
DA:184,0
DA:202,0
DA:224,0
DA:233,0
DA:244,0
DA:254,0
DA:278,0
DA:288,0
DA:357,0
LF:51
LH:0
BRDA:46,0,0,0
BRDA:46,1,0,0
BRDA:46,1,1,0
BRDA:68,2,0,0
BRDA:68,3,0,0
BRDA:68,3,1,0
BRDA:69,4,0,0
BRDA:69,5,0,0
BRDA:69,5,1,0
BRDA:70,6,0,0
BRDA:70,7,0,0
BRDA:70,7,1,0
BRDA:75,8,0,0
BRDA:75,8,1,0
BRDA:75,8,2,0
BRDA:75,8,3,0
BRDA:75,8,4,0
BRDA:75,8,5,0
BRDA:262,9,0,0
BRDA:262,9,1,0
BRDA:269,10,0,0
BRDA:317,11,0,0
BRDA:317,11,1,0
BRDA:317,11,2,0
BRDA:319,12,0,0
BRDA:325,13,0,0
BRDA:331,14,0,0
BRDA:337,15,0,0
BRDA:353,16,0,0
BRDA:353,16,1,0
BRF:30
BRH:0
end_of_record
TN:
SF:src/app/(dashboard)/analysis-frameworks/starbursting/page.tsx
FN:25,StarburstingPage
FN:31,(anonymous_2)
FN:32,(anonymous_3)
FN:50,(anonymous_4)
FN:162,(anonymous_5)
FN:193,(anonymous_6)
FN:201,(anonymous_7)
FNF:7
FNH:0
FNDA:0,StarburstingPage
FNDA:0,(anonymous_2)
FNDA:0,(anonymous_3)
FNDA:0,(anonymous_4)
FNDA:0,(anonymous_5)
FNDA:0,(anonymous_6)
FNDA:0,(anonymous_7)
DA:3,0
DA:4,0
DA:5,0
DA:6,0
DA:7,0
DA:8,0
DA:9,0
DA:10,0
DA:11,0
DA:12,0
DA:25,0
DA:26,0
DA:27,0
DA:28,0
DA:29,0
DA:31,0
DA:32,0
DA:33,0
DA:34,0
DA:37,0
DA:39,0
DA:41,0
DA:43,0
DA:47,0
DA:50,0
DA:51,0
DA:54,0
DA:60,0
DA:163,0
DA:193,0
DA:201,0
LF:31
LH:0
BRDA:60,0,0,0
BRDA:161,1,0,0
BRDA:171,2,0,0
BRF:3
BRH:0
end_of_record
TN:
SF:src/app/(dashboard)/analysis-frameworks/starbursting/[id]/page.tsx
FN:65,StarburstingViewPage
FN:76,(anonymous_2)
FN:77,(anonymous_3)
FN:100,(anonymous_4)
FN:103,(anonymous_5)
FN:117,(anonymous_6)
FN:121,(anonymous_7)
FN:142,(anonymous_8)
FN:149,(anonymous_9)
FN:154,(anonymous_10)
FN:184,(anonymous_11)
FN:185,(anonymous_12)
FN:187,(anonymous_13)
FN:195,(anonymous_14)
FN:208,(anonymous_15)
FN:210,(anonymous_16)
FN:227,(anonymous_17)
FN:237,(anonymous_18)
FN:245,(anonymous_19)
FN:261,(anonymous_20)
FN:263,(anonymous_21)
FN:265,(anonymous_22)
FN:342,(anonymous_23)
FN:404,(anonymous_24)
FN:408,(anonymous_25)
FN:412,(anonymous_26)
FN:416,(anonymous_27)
FN:449,(anonymous_28)
FN:497,(anonymous_29)
FN:534,(anonymous_30)
FN:593,(anonymous_31)
FNF:31
FNH:0
FNDA:0,StarburstingViewPage
FNDA:0,(anonymous_2)
FNDA:0,(anonymous_3)
FNDA:0,(anonymous_4)
FNDA:0,(anonymous_5)
FNDA:0,(anonymous_6)
FNDA:0,(anonymous_7)
FNDA:0,(anonymous_8)
FNDA:0,(anonymous_9)
FNDA:0,(anonymous_10)
FNDA:0,(anonymous_11)
FNDA:0,(anonymous_12)
FNDA:0,(anonymous_13)
FNDA:0,(anonymous_14)
FNDA:0,(anonymous_15)
[...]
DA:67,0
DA:68,0
DA:70,0
DA:71,0
DA:73,0
DA:74,0
DA:75,0
DA:76,0
DA:78,0
DA:79,0
DA:82,0
DA:88,0
DA:89,0
DA:90,0
DA:91,0
DA:94,0
DA:95,0
DA:97,0
DA:98,0
DA:101,0
DA:104,0
DA:105,0
DA:106,0
DA:109,0
DA:112,0
DA:118,0
DA:119,0
DA:120,0
DA:152,0
DA:159,0
DA:160,0
DA:161,0
DA:166,0
DA:173,0
DA:174,0
DA:180,0
DA:181,0
DA:187,0
DA:188,0
DA:194,0
DA:195,0
DA:197,0
DA:198,0
DA:201,0
DA:204,0
DA:205,0
DA:207,0
DA:208,0
DA:210,0
DA:211,0
DA:212,0
DA:213,0
DA:217,0
DA:218,0
DA:221,0
DA:223,0
DA:224,0
DA:227,0
DA:230,0
DA:236,0
DA:244,0
DA:245,0
DA:247,0
DA:248,0
DA:250,0
DA:251,0
DA:253,0
DA:254,0
DA:256,0
DA:257,0
DA:259,0
DA:260,0
DA:262,0
DA:263,0
DA:265,0
DA:268,0
DA:269,0
DA:273,0
DA:275,0
DA:277,0
DA:278,0
DA:285,0
DA:291,0
DA:296,0
DA:298,0
LF:106
LH:0
BRDA:61,0,0,0
BRDA:68,1,0,0
BRDA:68,1,1,0
BRDA:74,2,0,0
BRDA:97,3,0,0
BRDA:104,4,0,0
BRDA:104,4,1,0
BRDA:133,5,0,0
BRDA:133,5,1,0
BRDA:160,6,0,0
BRDA:168,7,0,0
BRDA:168,7,1,0
BRDA:197,8,0,0
BRDA:204,9,0,0
BRDA:204,9,1,0
BRDA:205,10,0,0
BRDA:205,10,1,0
BRDA:205,11,0,0
BRDA:205,11,1,0
BRDA:212,12,0,0
BRDA:212,12,1,0
BRDA:221,13,0,0
BRDA:221,13,1,0
BRDA:245,14,0,0
BRDA:245,14,1,0
BRDA:245,14,2,0
BRDA:245,14,3,0
BRDA:245,14,4,0
BRDA:245,14,5,0
BRDA:245,14,6,0
BRDA:269,15,0,0
BRDA:269,15,1,0
BRDA:270,16,0,0
BRDA:270,16,1,0
BRDA:271,17,0,0
BRDA:271,17,1,0
BRDA:273,18,0,0
BRDA:273,18,1,0
BRDA:296,19,0,0
BRDA:296,19,1,0
BRF:40
BRH:0
end_of_record
TN:
SF:src/lib/framework-recommender.ts
FN:133,calculateRelevanceScore
FN:140,(anonymous_7)
FN:150,(anonymous_8)
FN:152,(anonymous_9)
FN:206,getFrameworkRecommendations
FN:210,(anonymous_11)
FN:233,(anonymous_12)
FN:235,(anonymous_13)
FN:241,getReasons
FN:277,getQuickRecommendation
FN:285,getFrameworksByCategory
FN:288,(anonymous_17)
FN:311,checkRecommendationServiceAvailability
FN:319,generateFrameworkRecommendations
FNF:14
FNH:0
FNDA:0,calculateRelevanceScore
FNDA:0,(anonymous_7)
FNDA:0,(anonymous_8)
FNDA:0,(anonymous_9)
FNDA:0,getFrameworkRecommendations
FNDA:0,(anonymous_11)
FNDA:0,(anonymous_12)
FNDA:0,(anonymous_13)
FNDA:0,getReasons
FNDA:0,getQuickRecommendation
FNDA:0,getFrameworksByCategory
FNDA:0,(anonymous_17)
FNDA:0,checkRecommendationServiceAvailability
FNDA:0,generateFrameworkRecommendations
DA:27,0
DA:134,0
DA:135,0
DA:138,0
DA:139,0
DA:140,0
DA:141,0
DA:144,0
DA:145,0
DA:146,0
DA:150,0
DA:151,0
DA:152,0
DA:155,0
DA:156,0
DA:157,0
DA:162,0
DA:163,0
DA:164,0
DA:165,0
DA:166,0
DA:167,0
DA:168,0
DA:173,0
DA:174,0
DA:175,0
DA:176,0
DA:177,0
DA:178,0
DA:179,0
DA:184,0
DA:185,0
DA:186,0
DA:187,0
DA:188,0
DA:189,0
DA:190,0
DA:195,0
DA:196,0
DA:197,0
DA:206,0
DA:210,0
DA:211,0
DA:212,0
DA:215,0
DA:216,0
DA:219,0
DA:232,0
DA:233,0
DA:235,0
DA:242,0
DA:244,0
DA:245,0
DA:248,0
DA:249,0
DA:251,0
DA:252,0
DA:254,0
DA:255,0
DA:259,0
DA:260,0
DA:263,0
DA:264,0
DA:267,0
DA:268,0
DA:271,0
DA:277,0
DA:278,0
DA:279,0
DA:285,0
DA:286,0
DA:288,0
DA:289,0
DA:290,0
DA:293,0
DA:305,0
DA:311,0
DA:313,0
DA:319,0
DA:323,0
LF:80
LH:0
BRDA:138,0,0,0
BRDA:144,1,0,0
BRDA:151,2,0,0
BRDA:151,2,1,0
BRDA:155,3,0,0
BRDA:162,4,0,0
BRDA:163,5,0,0
BRDA:163,5,1,0
BRDA:163,6,0,0
BRDA:163,6,1,0
BRDA:166,7,0,0
BRDA:166,8,0,0
BRDA:166,8,1,0
BRDA:173,9,0,0
BRDA:174,10,0,0
BRDA:174,10,1,0
BRDA:174,11,0,0
BRDA:174,11,1,0
BRDA:177,12,0,0
BRDA:177,13,0,0
BRDA:177,13,1,0
BRDA:184,14,0,0
BRDA:185,15,0,0
BRDA:185,15,1,0
BRDA:185,16,0,0
BRDA:185,16,1,0
BRDA:188,17,0,0
BRDA:188,18,0,0
BRDA:188,18,1,0
BRDA:195,19,0,0
BRDA:208,20,0,0
BRDA:215,21,0,0
BRDA:244,22,0,0
BRDA:248,23,0,0
BRDA:248,24,0,0
BRDA:248,24,1,0
BRDA:251,25,0,0
BRDA:251,26,0,0
BRDA:251,26,1,0
BRDA:254,27,0,0
BRDA:254,28,0,0
BRDA:254,28,1,0
BRDA:259,29,0,0
BRDA:259,30,0,0
BRDA:259,30,1,0
BRDA:263,31,0,0
BRDA:263,32,0,0
BRDA:263,32,1,0
BRDA:263,32,2,0
BRDA:267,33,0,0
BRDA:279,34,0,0
BRDA:279,34,1,0
BRDA:289,35,0,0
BRF:53
BRH:0
end_of_record
TN:
SF:src/lib/hash-auth.ts
FN:30,generateAccountHash
FN:46,formatAccountHash
FN:53,isValidAccountHash
FN:60,storeAuthTokens
FN:67,getStoredAuthTokens
FN:79,clearAuthTokens
FN:86,areTokensExpired
FN:99,cleanHashInput
FN:106,isValidHash
FN:113,formatHashForDisplay
FNF:10
FNH:0
FNDA:0,generateAccountHash
FNDA:0,formatAccountHash
FNDA:0,isValidAccountHash
FNDA:0,storeAuthTokens
FNDA:0,getStoredAuthTokens
FNDA:0,clearAuthTokens
FNDA:0,areTokensExpired
FNDA:0,cleanHashInput
FNDA:0,isValidHash
FNDA:0,formatHashForDisplay
DA:30,0
DA:31,0
DA:32,0
DA:35,0
DA:36,0
DA:39,0
DA:40,0
DA:46,0
DA:47,0
DA:53,0
DA:54,0
DA:60,0
DA:61,0
DA:67,0
DA:68,0
DA:69,0
DA:70,0
DA:72,0
DA:79,0
DA:80,0
DA:86,0
DA:87,0
DA:88,0
DA:89,0
DA:90,0
DA:99,0
DA:100,0
DA:106,0
DA:107,0
DA:113,0
DA:114,0
LF:31
LH:0
BRDA:70,0,0,0
BRDA:70,0,1,0
BRF:2
BRH:0
end_of_record
TN:
SF:src/lib/smart-sats-evaluator.ts
FN:47,generateSmartSATSEvaluation
FN:63,(anonymous_6)
FN:66,(anonymous_7)
FN:170,generateFallbackSATSEvaluation
FN:212,(anonymous_9)
FN:305,checkSmartSATSAvailability
FN:312,suggestEvidenceImprovements
FN:327,(anonymous_12)
FN:403,(anonymous_13)
FN:409,(anonymous_14)
FNF:10
FNH:0
FNDA:0,generateSmartSATSEvaluation
FNDA:0,(anonymous_6)
FNDA:0,(anonymous_7)
FNDA:0,generateFallbackSATSEvaluation
FNDA:0,(anonymous_9)
FNDA:0,checkSmartSATSAvailability
FNDA:0,suggestEvidenceImprovements
FNDA:0,(anonymous_12)
FNDA:0,(anonymous_13)
FNDA:0,(anonymous_14)
DA:7,0
DA:8,0
DA:9,0
DA:12,0
DA:47,0
DA:50,0
DA:51,0
DA:63,0
DA:66,0
DA:125,0
DA:141,0
DA:142,0
DA:143,0
DA:146,0
DA:149,0
DA:150,0
DA:152,0
DA:162,0
DA:163,0
DA:171,0
DA:172,0
DA:173,0
DA:174,0
DA:175,0
DA:180,0
DA:181,0
DA:182,0
DA:183,0
DA:184,0
DA:185,0
DA:186,0
DA:188,0
DA:189,0
DA:192,0
DA:193,0
DA:194,0
DA:198,0
DA:199,0
DA:200,0
DA:201,0
DA:202,0
DA:203,0
DA:205,0
DA:206,0
DA:207,0
DA:211,0
DA:212,0
DA:213,0
DA:214,0
DA:215,0
DA:217,0
DA:218,0
DA:222,0
DA:223,0
DA:224,0
DA:226,0
DA:227,0
DA:231,0
DA:232,0
DA:233,0
DA:234,0
DA:235,0
DA:236,0
DA:238,0
DA:239,0
DA:243,0
DA:244,0
DA:245,0
DA:246,0
DA:248,0
DA:249,0
DA:250,0
DA:251,0
DA:252,0
DA:253,0
DA:254,0
DA:255,0
DA:256,0
DA:258,0
DA:259,0
DA:262,0
DA:263,0
DA:264,0
DA:268,0
DA:269,0
DA:270,0
DA:271,0
DA:272,0
DA:273,0
DA:275,0
DA:276,0
DA:280,0
DA:281,0
DA:282,0
DA:284,0
DA:285,0
DA:289,0
DA:290,0
DA:292,0
DA:305,0
DA:306,0
DA:312,0
DA:324,0
DA:325,0
DA:327,0
DA:328,0
DA:329,0
DA:330,0
DA:331,0
DA:332,0
DA:334,0
DA:336,0
DA:337,0
DA:338,0
DA:339,0
DA:340,0
DA:343,0
DA:344,0
DA:345,0
DA:346,0
DA:347,0
DA:350,0
DA:351,0
DA:352,0
DA:353,0
DA:354,0
DA:357,0
DA:358,0
DA:359,0
DA:360,0
DA:361,0
DA:364,0
DA:365,0
DA:366,0
DA:367,0
DA:368,0
DA:371,0
DA:372,0
DA:373,0
DA:374,0
DA:375,0
DA:378,0
DA:379,0
DA:380,0
DA:381,0
DA:382,0
DA:385,0
DA:386,0
DA:387,0
DA:388,0
DA:389,0
DA:392,0
DA:403,0
DA:404,0
DA:405,0
DA:409,0
DA:411,0
DA:412,0
DA:413,0
DA:414,0
DA:415,0
DA:416,0
DA:418,0
DA:419,0
DA:422,0
LF:165
LH:0
BRDA:13,0,0,0
BRDA:13,0,1,0
BRDA:55,1,0,0
BRDA:55,1,1,0
BRDA:56,2,0,0
BRDA:56,2,1,0
BRDA:57,3,0,0
BRDA:57,3,1,0
BRDA:58,4,0,0
BRDA:58,4,1,0
BRDA:59,5,0,0
BRDA:59,5,1,0
BRDA:60,6,0,0
BRDA:60,6,1,0
BRDA:142,7,0,0
BRDA:157,8,0,0
BRDA:157,8,1,0
BRDA:158,9,0,0
BRDA:158,9,1,0
BRDA:180,10,0,0
BRDA:180,10,1,0
BRDA:180,11,0,0
BRDA:180,11,1,0
BRDA:181,12,0,0
BRDA:181,12,1,0
BRDA:181,13,0,0
BRDA:181,13,1,0
BRDA:181,13,2,0
BRDA:184,14,0,0
BRDA:184,14,1,0
BRDA:184,15,0,0
BRDA:184,15,1,0
BRDA:198,16,0,0
BRDA:198,16,1,0
BRDA:198,17,0,0
BRDA:198,17,1,0
BRDA:201,18,0,0
BRDA:201,18,1,0
BRDA:201,19,0,0
BRDA:201,19,1,0
BRDA:212,20,0,0
BRDA:212,20,1,0
BRDA:222,21,0,0
BRDA:222,21,1,0
BRDA:222,22,0,0
BRDA:222,22,1,0
BRDA:222,22,2,0
BRDA:231,23,0,0
BRDA:231,23,1,0
BRDA:231,24,0,0
BRDA:231,24,1,0
BRDA:231,24,2,0
BRDA:234,25,0,0
BRDA:234,25,1,0
BRDA:234,26,0,0
BRDA:234,26,1,0
BRDA:243,27,0,0
BRDA:243,27,1,0
BRDA:248,28,0,0
BRDA:248,28,1,0
BRDA:251,29,0,0
BRDA:251,29,1,0
BRDA:254,30,0,0
BRDA:254,30,1,0
BRDA:268,31,0,0
BRDA:268,31,1,0
BRDA:268,32,0,0
BRDA:268,32,1,0
BRDA:268,32,2,0
BRDA:271,33,0,0
BRDA:271,33,1,0
BRDA:280,34,0,0
BRDA:280,34,1,0
BRDA:280,35,0,0
BRDA:280,35,1,0
BRDA:280,35,2,0
BRDA:297,36,0,0
BRDA:297,36,1,0
BRDA:298,37,0,0
BRDA:298,37,1,0
BRDA:328,38,0,0
BRDA:328,38,1,0
BRDA:329,39,0,0
BRDA:334,40,0,0
BRDA:334,40,1,0
BRDA:334,40,2,0
BRDA:334,40,3,0
BRDA:334,40,4,0
BRDA:334,40,5,0
BRDA:334,40,6,0
BRDA:334,40,7,0
BRDA:405,41,0,0
BRDA:405,41,1,0
BRDA:411,42,0,0
BRDA:411,42,1,0
BRDA:414,43,0,0
BRDA:414,43,1,0
BRF:97
BRH:0
end_of_record
TN:
SF:src/lib/utils.ts
FN:4,cn
FN:8,formatDate
FN:25,formatRelativeTime
FN:44,truncateText
FNF:4
FNH:1
FNDA:678,cn
FNDA:0,formatDate
FNDA:0,formatRelativeTime
FNDA:0,truncateText
DA:1,1
DA:2,1
DA:4,678
DA:5,678
DA:8,0
DA:9,0
DA:12,0
DA:13,0
DA:16,0
DA:25,0
DA:26,0
DA:27,0
DA:30,0
DA:31,0
DA:34,0
DA:36,0
DA:37,0
DA:38,0
DA:39,0
DA:41,0
DA:44,0
DA:45,0
DA:46,0
LF:23
LH:4
BRDA:12,0,0,0
BRDA:30,1,0,0
BRDA:36,2,0,0
BRDA:37,3,0,0
BRDA:38,4,0,0
BRDA:39,5,0,0
BRDA:45,6,0,0
BRF:7
BRH:0
end_of_record
TN:
SF:src/services/auto-save.ts
FN:50,(anonymous_4)
FN:66,(anonymous_5)
FN:71,(anonymous_6)
FN:73,(anonymous_7)
FN:80,(anonymous_8)
FN:122,(anonymous_9)
FN:150,(anonymous_10)
FN:182,(anonymous_11)
FN:216,(anonymous_12)
FN:240,(anonymous_13)
FN:262,(anonymous_14)
FN:268,(anonymous_15)
FN:300,(anonymous_16)
FN:314,(anonymous_17)
FN:342,(anonymous_18)
FN:349,(anonymous_19)
FN:357,(anonymous_20)
FN:380,(anonymous_21)
FN:387,(anonymous_22)
FN:399,(anonymous_23)
FN:426,(anonymous_24)
FN:441,(anonymous_25)
FN:463,(anonymous_26)
FN:467,(anonymous_27)
FN:476,(anonymous_28)
FN:489,(anonymous_29)
FN:498,(anonymous_30)
FN:504,(anonymous_31)
FN:513,useAutoSave
FN:524,(anonymous_33)
FN:550,(anonymous_34)
FN:551,(anonymous_35)
FNF:32
FNH:3
FNDA:1,(anonymous_4)
FNDA:1,(anonymous_5)
FNDA:0,(anonymous_6)
FNDA:0,(anonymous_7)
FNDA:0,(anonymous_8)
FNDA:0,(anonymous_9)
FNDA:0,(anonymous_10)
FNDA:0,(anonymous_11)
FNDA:0,(anonymous_12)
FNDA:1,(anonymous_13)
FNDA:0,(anonymous_14)
FNDA:0,(anonymous_15)
FNDA:0,(anonymous_16)
FNDA:0,(anonymous_17)
FNDA:0,(anonymous_18)
FNDA:0,(anonymous_19)
FNDA:0,(anonymous_20)
FNDA:0,(anonymous_21)
FNDA:0,(anonymous_22)
FNDA:0,(anonymous_23)
FNDA:0,(anonymous_24)
FNDA:0,(anonymous_25)
FNDA:0,(anonymous_26)
FNDA:0,(anonymous_27)
FNDA:0,(anonymous_28)
FNDA:0,(anonymous_29)
FNDA:0,(anonymous_30)
FNDA:0,(anonymous_31)
FNDA:0,useAutoSave
FNDA:0,(anonymous_33)
FNDA:0,(anonymous_34)
FNDA:0,(anonymous_35)
DA:7,1
DA:8,1
DA:35,1
DA:45,1
DA:46,1
DA:51,1
DA:60,1
DA:71,1
DA:72,0
DA:73,0
DA:81,0
DA:82,0
DA:84,0
DA:86,0
DA:87,0
DA:88,0
DA:89,0
DA:92,0
DA:98,0
DA:99,0
DA:105,0
DA:106,0
DA:107,0
DA:108,0
DA:113,0
DA:123,0
DA:125,0
DA:127,0
DA:134,0
DA:135,0
DA:136,0
DA:140,0
DA:151,0
DA:152,0
DA:153,0
DA:159,0
DA:162,0
DA:165,0
DA:167,0
DA:169,0
DA:174,0
DA:186,0
DA:188,0
DA:190,0
DA:191,0
DA:192,0
DA:194,0
DA:204,0
DA:205,0
DA:209,0
DA:220,0
DA:221,0
DA:222,0
DA:224,0
DA:226,0
DA:227,0
DA:232,0
DA:233,0
DA:241,1
DA:242,1
DA:244,1
DA:245,2
DA:246,2
DA:247,0
DA:248,0
DA:249,0
DA:250,0
DA:251,0
DA:257,0
DA:262,1
DA:269,0
DA:271,0
DA:272,0
DA:275,0
DA:277,0
DA:278,0
DA:280,0
DA:281,0
DA:284,0
DA:285,0
DA:288,0
DA:294,0
DA:301,0
DA:303,0
DA:304,0
DA:315,0
DA:317,0
DA:318,0
DA:319,0
DA:322,0
DA:323,0
DA:324,0
DA:328,0
DA:331,0
DA:334,0
DA:343,0
DA:350,0
DA:351,0
DA:359,0
DA:374,0
DA:381,0
DA:389,0
DA:390,0
DA:391,0
DA:392,0
DA:400,0
DA:402,0
DA:403,0
DA:404,0
DA:405,0
DA:406,0
DA:407,0
DA:408,0
DA:409,0
DA:415,0
DA:420,0
DA:431,0
DA:432,0
DA:433,0
DA:434,0
DA:436,0
DA:437,0
DA:441,0
DA:442,0
DA:448,0
DA:449,0
DA:451,0
DA:454,0
DA:456,0
DA:464,0
DA:467,0
DA:468,0
DA:469,0
DA:471,0
DA:472,0
DA:475,0
DA:476,0
DA:477,0
DA:479,0
DA:480,0
DA:481,0
DA:490,0
DA:491,0
DA:492,0
DA:493,0
DA:494,0
DA:498,0
DA:505,0
DA:510,1
DA:513,0
DA:519,0
DA:522,0
DA:524,0
DA:525,0
DA:528,0
DA:529,0
DA:530,0
DA:532,0
DA:542,0
DA:545,0
DA:547,0
DA:550,0
DA:551,0
DA:555,1
LF:164
LH:16
BRDA:50,0,0,1
BRDA:86,1,0,0
BRDA:86,1,1,0
BRDA:86,2,0,0
BRDA:86,2,1,0
BRDA:88,3,0,0
BRDA:101,4,0,0
BRDA:101,4,1,0
BRDA:105,5,0,0
BRDA:125,6,0,0
BRDA:125,6,1,0
BRDA:125,7,0,0
BRDA:125,7,1,0
BRDA:134,8,0,0
BRDA:134,9,0,0
BRDA:134,9,1,0
BRDA:135,10,0,0
BRDA:135,10,1,0
BRDA:165,11,0,0
BRDA:165,11,1,0
BRDA:165,12,0,0
BRDA:165,12,1,0
BRDA:188,13,0,0
BRDA:188,13,1,0
BRDA:188,14,0,0
BRDA:188,14,1,0
BRDA:199,15,0,0
BRDA:199,15,1,0
BRDA:200,16,0,0
BRDA:200,16,1,0
BRDA:224,17,0,0
BRDA:246,18,0,0
BRDA:249,19,0,0
BRDA:271,20,0,0
BRDA:303,21,0,0
BRDA:317,22,0,0
BRDA:343,23,0,0
BRDA:343,23,1,0
BRDA:350,24,0,0
BRDA:350,24,1,0
BRDA:374,25,0,0
BRDA:374,25,1,0
BRDA:390,26,0,0
BRDA:404,27,0,0
BRDA:407,28,0,0
BRDA:434,29,0,0
BRDA:434,29,1,0
BRDA:436,30,0,0
BRDA:448,31,0,0
BRDA:448,31,1,0
BRDA:468,32,0,0
BRDA:493,33,0,0
BRDA:516,34,0,0
BRDA:517,35,0,0
BRDA:519,36,0,0
BRDA:519,37,0,0
BRDA:525,38,0,0
BRDA:525,39,0,0
BRDA:525,39,1,0
BRDA:529,40,0,0
BRDA:539,41,0,0
BRDA:539,41,1,0
BRF:62
BRH:1
end_of_record
TN:
SF:src/stores/auth.ts
FN:26,(anonymous_6)
FN:36,(anonymous_7)
FN:62,(anonymous_8)
FN:93,(anonymous_9)
FN:112,(anonymous_10)
FN:123,(anonymous_11)
FN:130,(anonymous_12)
FN:175,(anonymous_13)
FN:179,(anonymous_14)
FN:185,(anonymous_15)
FN:189,(anonymous_16)
FN:189,(anonymous_17)
FN:204,(anonymous_18)
FN:204,(anonymous_19)
FN:205,(anonymous_20)
FN:205,(anonymous_21)
FN:206,(anonymous_22)
FN:206,(anonymous_23)
FN:207,(anonymous_24)
FN:207,(anonymous_25)
FNF:20
FNH:17
FNDA:3,(anonymous_6)
FNDA:0,(anonymous_7)
FNDA:4,(anonymous_8)
FNDA:0,(anonymous_9)
FNDA:3,(anonymous_10)
FNDA:13,(anonymous_11)
FNDA:0,(anonymous_12)
FNDA:1,(anonymous_13)
FNDA:2,(anonymous_14)
FNDA:55,(anonymous_15)
FNDA:3,(anonymous_16)
FNDA:3,(anonymous_17)
FNDA:4,(anonymous_18)
FNDA:13,(anonymous_19)
FNDA:15,(anonymous_20)
FNDA:49,(anonymous_21)
FNDA:10,(anonymous_22)
FNDA:33,(anonymous_23)
FNDA:5,(anonymous_24)
FNDA:16,(anonymous_25)
DA:1,3
DA:2,3
DA:4,3
DA:23,113
DA:27,3
DA:28,3
DA:37,0
DA:39,0
DA:40,0
DA:41,0
DA:44,0
DA:45,0
DA:46,0
DA:53,0
DA:54,0
DA:58,0
DA:63,4
DA:65,4
DA:66,0
DA:67,0
DA:70,4
DA:71,4
DA:72,4
DA:73,2
DA:74,2
DA:81,1
DA:82,1
DA:85,1
DA:89,1
DA:94,0
DA:96,0
DA:97,0
DA:98,0
DA:103,0
DA:104,0
DA:108,0
DA:113,3
DA:114,3
DA:116,3
DA:124,13
DA:127,13
DA:128,13
DA:129,0
DA:130,0
DA:131,0
DA:134,13
DA:135,0
DA:136,0
DA:139,13
DA:140,4
DA:141,4
DA:142,4
DA:145,9
DA:146,9
DA:147,9
DA:148,2
DA:149,2
DA:155,7
DA:156,7
DA:158,7
DA:160,1
DA:161,1
DA:162,1
DA:168,6
DA:176,1
DA:180,2
DA:185,55
DA:189,3
DA:190,3
DA:204,13
DA:205,49
DA:206,33
DA:207,16
LF:73
LH:49
BRDA:39,0,0,0
BRDA:56,1,0,0
BRDA:56,1,1,0
BRDA:65,2,0,0
BRDA:87,3,0,1
BRDA:87,3,1,0
BRDA:106,4,0,0
BRDA:106,4,1,0
BRDA:113,5,0,3
BRDA:128,6,0,13
BRDA:128,6,1,0
BRDA:128,6,2,0
BRDA:134,7,0,0
BRDA:139,8,0,4
BRDA:158,9,0,1
BRDA:158,9,1,6
BRDA:169,10,0,6
BRDA:169,10,1,0
BRF:18
BRH:7
end_of_record
TN:
SF:src/stores/auto-save.ts
FN:52,(anonymous_8)
FN:61,(anonymous_9)
FN:69,(anonymous_10)
FN:70,(anonymous_11)
FN:78,(anonymous_12)
FN:79,(anonymous_13)
FN:80,(anonymous_14)
FN:88,(anonymous_15)
FN:114,(anonymous_16)
FN:121,(anonymous_17)
FN:143,(anonymous_18)
FN:149,(anonymous_19)
FN:167,(anonymous_20)
FN:182,(anonymous_21)
FN:200,(anonymous_22)
FN:201,(anonymous_23)
FN:215,(anonymous_24)
FN:219,(anonymous_25)
FN:229,(anonymous_26)
FN:246,(anonymous_27)
FN:247,(anonymous_28)
FN:256,(anonymous_29)
FN:256,(anonymous_30)
FN:257,(anonymous_31)
FN:258,(anonymous_32)
FN:259,(anonymous_33)
FN:259,(anonymous_34)
FN:260,(anonymous_35)
FN:260,(anonymous_36)
FN:261,(anonymous_37)
FN:261,(anonymous_38)
FN:264,(anonymous_39)
FN:264,(anonymous_40)
FN:278,(anonymous_41)
FN:279,(anonymous_42)
FNF:35
FNH:0
FNDA:0,(anonymous_8)
FNDA:0,(anonymous_9)
FNDA:0,(anonymous_10)
FNDA:0,(anonymous_11)
FNDA:0,(anonymous_12)
FNDA:0,(anonymous_13)
FNDA:0,(anonymous_14)
FNDA:0,(anonymous_15)
FNDA:0,(anonymous_16)
FNDA:0,(anonymous_17)
FNDA:0,(anonymous_18)
FNDA:0,(anonymous_19)
FNDA:0,(anonymous_20)
FNDA:0,(anonymous_21)
FNDA:0,(anonymous_22)
FNDA:0,(anonymous_23)
FNDA:0,(anonymous_24)
FNDA:0,(anonymous_25)
FNDA:0,(anonymous_26)
FNDA:0,(anonymous_27)
FNDA:0,(anonymous_28)
FNDA:0,(anonymous_29)
FNDA:0,(anonymous_30)
FNDA:0,(anonymous_31)
FNDA:0,(anonymous_32)
FNDA:0,(anonymous_33)
FNDA:0,(anonymous_34)
FNDA:0,(anonymous_35)
FNDA:0,(anonymous_36)
FNDA:0,(anonymous_37)
FNDA:0,(anonymous_38)
FNDA:0,(anonymous_39)
FNDA:0,(anonymous_40)
FNDA:0,(anonymous_41)
FNDA:0,(anonymous_42)
DA:8,0
DA:9,0
DA:11,0
DA:12,0
DA:50,0
DA:52,0
DA:62,0
DA:64,0
DA:65,0
DA:70,0
DA:79,0
DA:80,0
DA:81,0
DA:83,0
DA:89,0
DA:91,0
DA:93,0
DA:95,0
DA:96,0
DA:97,0
DA:98,0
DA:100,0
DA:105,0
DA:106,0
DA:108,0
DA:109,0
DA:110,0
DA:113,0
DA:114,0
DA:122,0
DA:124,0
DA:125,0
DA:126,0
DA:128,0
DA:137,0
DA:138,0
DA:139,0
DA:144,0
DA:145,0
DA:150,0
DA:151,0
DA:153,0
DA:163,0
DA:164,0
DA:168,0
DA:169,0
DA:171,0
DA:172,0
DA:175,0
DA:177,0
DA:178,0
DA:183,0
DA:184,0
DA:186,0
DA:188,0
DA:189,0
DA:191,0
DA:192,0
DA:195,0
DA:196,0
DA:200,0
DA:201,0
DA:202,0
DA:209,0
DA:210,0
DA:216,0
DA:221,0
DA:222,0
DA:223,0
DA:224,0
DA:225,0
DA:229,0
DA:232,0
DA:245,0
DA:246,0
DA:249,0
DA:256,0
DA:257,0
DA:258,0
DA:259,0
DA:260,0
DA:261,0
DA:264,0
DA:277,0
DA:278,0
DA:280,0
DA:282,0
LF:87
LH:0
BRDA:64,0,0,0
BRDA:91,1,0,0
BRDA:95,2,0,0
BRDA:113,3,0,0
BRDA:149,4,0,0
BRDA:171,5,0,0
BRDA:186,6,0,0
BRDA:189,7,0,0
BRDA:189,7,1,0
BRDA:189,8,0,0
BRDA:189,8,1,0
BRDA:204,9,0,0
BRDA:204,9,1,0
BRDA:224,10,0,0
BRDA:249,11,0,0
BRDA:258,12,0,0
BRDA:258,12,1,0
BRDA:280,13,0,0
BRF:18
BRH:0
end_of_record
TN:
SF:src/stores/frameworks.ts
FN:39,(anonymous_8)
FN:48,(anonymous_9)
FN:54,(anonymous_10)
FN:63,(anonymous_11)
FN:67,(anonymous_12)
FN:68,(anonymous_13)
FN:73,(anonymous_14)
FN:74,(anonymous_15)
FN:75,(anonymous_16)
FN:81,(anonymous_17)
FN:87,(anonymous_18)
FN:88,(anonymous_19)
FN:89,(anonymous_20)
FN:91,(anonymous_21)
FN:95,(anonymous_22)
FN:99,(anonymous_23)
FN:100,(anonymous_24)
FN:101,(anonymous_25)
FN:108,(anonymous_26)
FN:112,(anonymous_27)
FN:116,(anonymous_28)
FN:121,(anonymous_29)
FN:132,(anonymous_30)
FN:138,(anonymous_31)
FN:147,(anonymous_32)
FN:157,(anonymous_33)
FN:158,(anonymous_34)
FN:161,(anonymous_35)
FN:162,(anonymous_36)
FN:165,(anonymous_37)
FN:166,(anonymous_38)
FN:176,(anonymous_39)
FN:176,(anonymous_40)
FN:177,(anonymous_41)
FN:177,(anonymous_42)
FN:178,(anonymous_43)
FN:178,(anonymous_44)
FN:179,(anonymous_45)
FN:179,(anonymous_46)
FN:180,(anonymous_47)
FN:180,(anonymous_48)
FN:183,(anonymous_49)
FN:183,(anonymous_50)
FNF:43
FNH:9
FNDA:1,(anonymous_8)
FNDA:0,(anonymous_9)
FNDA:0,(anonymous_10)
FNDA:0,(anonymous_11)
FNDA:0,(anonymous_12)
FNDA:0,(anonymous_13)
FNDA:0,(anonymous_14)
FNDA:0,(anonymous_15)
FNDA:0,(anonymous_16)
FNDA:0,(anonymous_17)
FNDA:0,(anonymous_18)
FNDA:0,(anonymous_19)
FNDA:0,(anonymous_20)
FNDA:0,(anonymous_21)
FNDA:0,(anonymous_22)
FNDA:0,(anonymous_23)
FNDA:0,(anonymous_24)
FNDA:0,(anonymous_25)
FNDA:0,(anonymous_26)
FNDA:0,(anonymous_27)
FNDA:0,(anonymous_28)
FNDA:4,(anonymous_29)
FNDA:4,(anonymous_30)
FNDA:0,(anonymous_31)
FNDA:0,(anonymous_32)
FNDA:0,(anonymous_33)
FNDA:0,(anonymous_34)
FNDA:0,(anonymous_35)
FNDA:0,(anonymous_36)
FNDA:0,(anonymous_37)
FNDA:0,(anonymous_38)
FNDA:0,(anonymous_39)
FNDA:0,(anonymous_40)
FNDA:14,(anonymous_41)
FNDA:56,(anonymous_42)
FNDA:14,(anonymous_43)
FNDA:56,(anonymous_44)
FNDA:14,(anonymous_45)
FNDA:56,(anonymous_46)
FNDA:0,(anonymous_47)
FNDA:0,(anonymous_48)
FNDA:0,(anonymous_49)
FNDA:0,(anonymous_50)
DA:1,1
DA:2,1
DA:4,1
DA:37,28
DA:39,1
DA:49,0
DA:52,0
DA:53,0
DA:54,0
DA:56,0
DA:57,0
DA:58,0
DA:64,0
DA:68,0
DA:74,0
DA:76,0
DA:82,0
DA:88,0
DA:89,0
DA:91,0
DA:96,0
DA:100,0
DA:101,0
DA:102,0
DA:109,0
DA:113,0
DA:117,0
DA:122,4
DA:123,4
DA:124,4
DA:125,0
DA:127,4
DA:128,4
DA:133,4
DA:134,4
DA:135,4
DA:137,0
DA:138,0
DA:140,0
DA:142,4
DA:143,4
DA:149,0
DA:150,0
DA:158,0
DA:162,0
DA:166,0
DA:176,1
DA:177,56
DA:178,56
DA:179,56
DA:180,1
DA:183,1
LF:52
LH:21
BRDA:52,0,0,0
BRDA:56,1,0,0
BRDA:76,2,0,0
BRDA:76,2,1,0
BRDA:78,3,0,0
BRDA:78,3,1,0
BRDA:82,4,0,0
BRDA:82,4,1,0
BRDA:90,5,0,0
BRDA:90,5,1,0
BRF:10
BRH:0
end_of_record
TN:
SF:src/types/auth.ts
FNF:0
FNH:0
DA:16,4
LF:1
LH:1
BRF:0
BRH:0
end_of_record
TN:
SF:src/types/evidence.ts
FNF:0
FNH:0
DA:6,0
DA:19,0
DA:26,0
LF:3
LH:0
BRF:0
BRH:0
end_of_record
TN:
SF:src/types/frameworks.ts
FNF:0
FNH:0
DA:1,0
DA:14,0
DA:21,0
LF:3
LH:0
BRF:0
BRH:0
end_of_record
